{"level":"info","message":"http://002ujgl.nwsvr.com","timestamp":"2016-06-17T15:15:40.026Z"}
{"level":"info","message":"http://002ujha.nwsvr.com","timestamp":"2016-06-17T15:15:42.688Z"}
{"level":"info","message":"http://002ujkr.nwsvr.com","timestamp":"2016-06-17T15:15:56.874Z"}
{"level":"info","message":"http://002ujli.nwsvr.com","timestamp":"2016-06-17T15:15:59.421Z"}
{"level":"info","message":"http://002ujmw.nwsvr.com","timestamp":"2016-06-17T15:16:05.197Z"}
{"level":"info","message":"http://002ujns.nwsvr.com","timestamp":"2016-06-17T15:16:08.589Z"}
{"level":"info","message":"http://002ujnw.nwsvr.com","timestamp":"2016-06-17T15:16:09.086Z"}
{"level":"info","message":"http://002ujpe.nwsvr.com","timestamp":"2016-06-17T15:16:13.761Z"}
{"level":"info","message":"http://002ujpx.nwsvr.com","timestamp":"2016-06-17T15:16:16.681Z"}
{"level":"info","message":"http://002ujrp.nwsvr.com","timestamp":"2016-06-17T15:16:50.840Z"}
{"level":"info","message":"http://002ujrr.nwsvr.com","timestamp":"2016-06-17T15:16:51.386Z"}
{"level":"info","message":"http://002ujsf.nwsvr.com","timestamp":"2016-06-17T15:16:53.045Z"}
{"level":"info","message":"http://002ujsi.nwsvr.com","timestamp":"2016-06-17T15:16:53.485Z"}
{"level":"info","message":"http://002ujtc.nwsvr.com","timestamp":"2016-06-17T15:16:56.263Z"}
{"level":"info","message":"http://002ujtp.nwsvr.com","timestamp":"2016-06-17T15:16:57.962Z"}
{"level":"info","message":"http://002ujuc.nwsvr.com","timestamp":"2016-06-17T15:16:59.928Z"}
{"level":"info","message":"http://002ujuo.nwsvr.com","timestamp":"2016-06-17T15:17:01.632Z"}
{"level":"info","message":"http://002ujuz.nwsvr.com","timestamp":"2016-06-17T15:17:03.448Z"}
{"level":"info","message":"http://002ujwl.nwsvr.com","timestamp":"2016-06-17T15:17:09.056Z"}
{"level":"info","message":"http://002ujwk.nwsvr.com","timestamp":"2016-06-17T15:17:09.132Z"}
{"level":"info","message":"http://002ujwx.nwsvr.com","timestamp":"2016-06-17T15:17:10.619Z"}
{"level":"info","message":"http://002urms.nwsvr.com","timestamp":"2016-06-17T15:29:34.242Z"}
{"level":"info","message":"http://002usdo.nwsvr.com","timestamp":"2016-06-17T15:30:38.505Z"}
{"level":"info","message":"http://002usda.nwsvr.com","timestamp":"2016-06-17T15:30:39.903Z"}
{"level":"info","message":"http://002vciu.nwsvr.com","timestamp":"2016-06-17T15:52:56.381Z"}
{"level":"info","message":"http://002vcjj.nwsvr.com","timestamp":"2016-06-17T15:52:58.110Z"}
{"level":"info","message":"http://002vcsi.nwsvr.com","timestamp":"2016-06-17T15:53:22.505Z"}
{"level":"info","message":"http://002vcsk.nwsvr.com","timestamp":"2016-06-17T15:53:23.260Z"}
{"level":"info","message":"http://002vctz.nwsvr.com","timestamp":"2016-06-17T15:53:26.653Z"}
{"level":"info","message":"http://002vcvk.nwsvr.com","timestamp":"2016-06-17T15:53:30.127Z"}
{"level":"info","message":"http://002vcwq.nwsvr.com","timestamp":"2016-06-17T15:53:33.108Z"}
{"level":"info","message":"http://002vcwv.nwsvr.com","timestamp":"2016-06-17T15:53:33.707Z"}
{"level":"info","message":"http://002vcye.nwsvr.com","timestamp":"2016-06-17T15:53:37.410Z"}
{"level":"info","message":"http://002vcyj.nwsvr.com","timestamp":"2016-06-17T15:53:37.924Z"}
{"level":"info","message":"http://002vcyz.nwsvr.com","timestamp":"2016-06-17T15:53:39.291Z"}
{"level":"info","message":"http://002vdae.nwsvr.com","timestamp":"2016-06-17T15:53:42.553Z"}
{"level":"info","message":"http://002vdam.nwsvr.com","timestamp":"2016-06-17T15:53:43.088Z"}
{"level":"info","message":"http://002vdbl.nwsvr.com","timestamp":"2016-06-17T15:53:45.688Z"}
{"level":"info","message":"http://002vdcb.nwsvr.com","timestamp":"2016-06-17T15:53:47.320Z"}
{"level":"info","message":"http://002vdcv.nwsvr.com","timestamp":"2016-06-17T15:53:49.511Z"}
{"level":"info","message":"http://002vdco.nwsvr.com","timestamp":"2016-06-17T15:53:50.370Z"}
{"level":"info","message":"http://002vdff.nwsvr.com","timestamp":"2016-06-17T15:53:54.387Z"}
{"level":"info","message":"http://002vdfr.nwsvr.com","timestamp":"2016-06-17T15:53:55.013Z"}
{"level":"info","message":"http://002vdgl.nwsvr.com","timestamp":"2016-06-17T15:53:56.764Z"}
{"level":"info","message":"http://002vdgu.nwsvr.com","timestamp":"2016-06-17T15:53:57.526Z"}
{"level":"info","message":"http://002vdgx.nwsvr.com","timestamp":"2016-06-17T15:53:57.730Z"}
{"level":"info","message":"http://002vdgz.nwsvr.com","timestamp":"2016-06-17T15:53:58.407Z"}
{"level":"info","message":"http://002vdhd.nwsvr.com","timestamp":"2016-06-17T15:53:58.586Z"}
{"level":"info","message":"http://002vdio.nwsvr.com","timestamp":"2016-06-17T15:54:02.093Z"}
{"level":"info","message":"http://002vdiu.nwsvr.com","timestamp":"2016-06-17T15:54:02.529Z"}
{"level":"info","message":"http://002vdiv.nwsvr.com","timestamp":"2016-06-17T15:54:02.638Z"}
{"level":"info","message":"http://002vdiy.nwsvr.com","timestamp":"2016-06-17T15:54:02.825Z"}
{"level":"info","message":"http://002vdkd.nwsvr.com","timestamp":"2016-06-17T15:54:06.050Z"}
{"level":"info","message":"http://002vdld.nwsvr.com","timestamp":"2016-06-17T15:54:08.205Z"}
{"level":"info","message":"http://002vdlt.nwsvr.com","timestamp":"2016-06-17T15:54:09.516Z"}
{"level":"info","message":"http://002vikw.nwsvr.com","timestamp":"2016-06-17T15:59:18.803Z"}
{"level":"info","message":"http://002vlpl.nwsvr.com","timestamp":"2016-06-17T16:04:11.112Z"}
{"level":"info","message":"http://002vlpr.nwsvr.com","timestamp":"2016-06-17T16:04:11.948Z"}
{"level":"info","message":"http://002vlrg.nwsvr.com","timestamp":"2016-06-17T16:04:18.225Z"}
{"level":"info","message":"http://002vlrv.nwsvr.com","timestamp":"2016-06-17T16:04:20.594Z"}
{"level":"info","message":"http://002vlsr.nwsvr.com","timestamp":"2016-06-17T16:04:25.473Z"}
{"level":"info","message":"http://002vluj.nwsvr.com","timestamp":"2016-06-17T16:04:32.006Z"}
{"level":"info","message":"http://002vluu.nwsvr.com","timestamp":"2016-06-17T16:04:33.683Z"}
{"level":"info","message":"http://002vlwt.nwsvr.com","timestamp":"2016-06-17T16:04:41.379Z"}
{"level":"info","message":"http://002vlyz.nwsvr.com","timestamp":"2016-06-17T16:04:51.436Z"}
{"level":"info","message":"http://002vmav.nwsvr.com","timestamp":"2016-06-17T16:04:58.347Z"}
{"level":"info","message":"http://002vmbg.nwsvr.com","timestamp":"2016-06-17T16:04:59.758Z"}
{"level":"info","message":"http://002vmfq.nwsvr.com","timestamp":"2016-06-17T16:05:18.854Z"}
{"level":"info","message":"http://002vmgc.nwsvr.com","timestamp":"2016-06-17T16:05:21.063Z"}
{"level":"info","message":"http://002vmgj.nwsvr.com","timestamp":"2016-06-17T16:05:22.558Z"}
{"level":"info","message":"http://002vmgw.nwsvr.com","timestamp":"2016-06-17T16:05:28.313Z"}
{"level":"info","message":"http://002vnyu.nwsvr.com","timestamp":"2016-06-17T16:08:18.228Z"}
{"level":"info","message":"http://002vnyr.nwsvr.com","timestamp":"2016-06-17T16:08:18.934Z"}
{"level":"info","message":"http://002voak.nwsvr.com","timestamp":"2016-06-17T16:08:26.515Z"}
{"level":"info","message":"http://002voaz.nwsvr.com","timestamp":"2016-06-17T16:08:29.615Z"}
