{"level":"info","message":"http://002mafx.nwsvr.com","timestamp":"2016-06-11T16:55:49.199Z"}
{"level":"info","message":"http://002mcml.nwsvr.com","timestamp":"2016-06-11T16:57:32.209Z"}
{"level":"info","message":"http://002mcmk.nwsvr.com","timestamp":"2016-06-11T16:57:32.341Z"}
{"level":"info","message":"http://002mcre.nwsvr.com","timestamp":"2016-06-11T16:57:43.743Z"}
{"level":"info","message":"http://002mcve.nwsvr.com","timestamp":"2016-06-11T16:57:50.543Z"}
{"level":"info","message":"http://002mcxf.nwsvr.com","timestamp":"2016-06-11T16:57:54.658Z"}
{"level":"info","message":"http://002mcxw.nwsvr.com","timestamp":"2016-06-11T16:57:55.401Z"}
{"level":"info","message":"http://002mcxz.nwsvr.com","timestamp":"2016-06-11T16:57:55.727Z"}
{"level":"info","message":"http://002mcyi.nwsvr.com","timestamp":"2016-06-11T16:57:56.005Z"}
{"level":"info","message":"http://002mcza.nwsvr.com","timestamp":"2016-06-11T16:57:56.773Z"}
{"level":"info","message":"http://002mczd.nwsvr.com","timestamp":"2016-06-11T16:57:59.075Z"}
{"level":"info","message":"http://002mdbr.nwsvr.com","timestamp":"2016-06-11T16:58:00.252Z"}
{"level":"info","message":"http://002mdcc.nwsvr.com","timestamp":"2016-06-11T16:58:00.658Z"}
{"level":"info","message":"http://002mdcb.nwsvr.com","timestamp":"2016-06-11T16:58:05.859Z"}
{"level":"info","message":"http://002mdhk.nwsvr.com","timestamp":"2016-06-11T16:58:13.911Z"}
{"level":"info","message":"http://002mdhn.nwsvr.com","timestamp":"2016-06-11T16:58:13.984Z"}
{"level":"info","message":"http://002mdhu.nwsvr.com","timestamp":"2016-06-11T16:58:14.384Z"}
{"level":"info","message":"http://002mdhz.nwsvr.com","timestamp":"2016-06-11T16:58:15.086Z"}
{"level":"info","message":"http://002mdij.nwsvr.com","timestamp":"2016-06-11T16:58:15.267Z"}
{"level":"info","message":"http://002mdip.nwsvr.com","timestamp":"2016-06-11T16:58:15.365Z"}
{"level":"info","message":"http://002mdix.nwsvr.com","timestamp":"2016-06-11T16:58:16.034Z"}
{"level":"info","message":"http://002mdkm.nwsvr.com","timestamp":"2016-06-11T16:58:17.549Z"}
{"level":"info","message":"http://002mdjv.nwsvr.com","timestamp":"2016-06-11T16:58:18.893Z"}
{"level":"info","message":"http://002mdly.nwsvr.com","timestamp":"2016-06-11T16:58:23.011Z"}
{"level":"info","message":"http://002mdmi.nwsvr.com","timestamp":"2016-06-11T16:58:23.716Z"}
{"level":"info","message":"http://002mdnf.nwsvr.com","timestamp":"2016-06-11T16:58:24.938Z"}
{"level":"info","message":"http://002mdoj.nwsvr.com","timestamp":"2016-06-11T16:58:26.147Z"}
{"level":"info","message":"http://002mdor.nwsvr.com","timestamp":"2016-06-11T16:58:26.184Z"}
{"level":"info","message":"http://002mdpi.nwsvr.com","timestamp":"2016-06-11T16:58:26.999Z"}
{"level":"info","message":"http://002mdrz.nwsvr.com","timestamp":"2016-06-11T16:58:33.591Z"}
{"level":"info","message":"http://002mdsd.nwsvr.com","timestamp":"2016-06-11T16:58:33.823Z"}
{"level":"info","message":"http://002mdtp.nwsvr.com","timestamp":"2016-06-11T16:58:35.252Z"}
{"level":"info","message":"http://002mdsy.nwsvr.com","timestamp":"2016-06-11T16:58:35.623Z"}
{"level":"info","message":"http://002mdwi.nwsvr.com","timestamp":"2016-06-11T16:58:39.612Z"}
{"level":"info","message":"http://002mdyz.nwsvr.com","timestamp":"2016-06-11T16:58:44.793Z"}
{"level":"info","message":"http://002meap.nwsvr.com","timestamp":"2016-06-11T16:58:47.185Z"}
{"level":"info","message":"http://002mebo.nwsvr.com","timestamp":"2016-06-11T16:58:48.372Z"}
{"level":"info","message":"http://002mebv.nwsvr.com","timestamp":"2016-06-11T16:58:48.544Z"}
{"level":"info","message":"http://002mebw.nwsvr.com","timestamp":"2016-06-11T16:58:48.841Z"}
{"level":"info","message":"http://002mebz.nwsvr.com","timestamp":"2016-06-11T16:58:48.924Z"}
{"level":"info","message":"http://002mecs.nwsvr.com","timestamp":"2016-06-11T16:58:50.977Z"}
{"level":"info","message":"http://002meep.nwsvr.com","timestamp":"2016-06-11T16:58:56.158Z"}
{"level":"info","message":"http://002mega.nwsvr.com","timestamp":"2016-06-11T16:58:57.402Z"}
{"level":"info","message":"http://002mehv.nwsvr.com","timestamp":"2016-06-11T16:58:59.659Z"}
{"level":"info","message":"http://002mehn.nwsvr.com","timestamp":"2016-06-11T16:58:59.725Z"}
{"level":"info","message":"http://002meje.nwsvr.com","timestamp":"2016-06-11T16:59:01.397Z"}
{"level":"info","message":"http://002mejm.nwsvr.com","timestamp":"2016-06-11T16:59:01.969Z"}
{"level":"info","message":"http://002mejr.nwsvr.com","timestamp":"2016-06-11T16:59:02.344Z"}
{"level":"info","message":"http://002meka.nwsvr.com","timestamp":"2016-06-11T16:59:02.837Z"}
{"level":"info","message":"http://002mekk.nwsvr.com","timestamp":"2016-06-11T16:59:04.069Z"}
{"level":"info","message":"http://002menz.nwsvr.com","timestamp":"2016-06-11T16:59:10.075Z"}
{"level":"info","message":"http://002meqe.nwsvr.com","timestamp":"2016-06-11T16:59:16.738Z"}
{"level":"info","message":"http://002mepy.nwsvr.com","timestamp":"2016-06-11T16:59:17.193Z"}
{"level":"info","message":"http://002meqy.nwsvr.com","timestamp":"2016-06-11T16:59:18.634Z"}
{"level":"info","message":"http://002mezi.nwsvr.com","timestamp":"2016-06-11T16:59:33.947Z"}
{"level":"info","message":"http://002mezz.nwsvr.com","timestamp":"2016-06-11T16:59:34.697Z"}
{"level":"info","message":"http://002mfac.nwsvr.com","timestamp":"2016-06-11T16:59:34.870Z"}
{"level":"info","message":"http://002mfch.nwsvr.com","timestamp":"2016-06-11T16:59:37.561Z"}
{"level":"info","message":"http://002mfck.nwsvr.com","timestamp":"2016-06-11T16:59:37.615Z"}
{"level":"info","message":"http://002mfcj.nwsvr.com","timestamp":"2016-06-11T16:59:37.633Z"}
{"level":"info","message":"http://002mfcp.nwsvr.com","timestamp":"2016-06-11T16:59:37.833Z"}
{"level":"info","message":"http://002mfgy.nwsvr.com","timestamp":"2016-06-11T16:59:46.866Z"}
{"level":"info","message":"http://002mfhb.nwsvr.com","timestamp":"2016-06-11T16:59:47.201Z"}
{"level":"info","message":"http://002mfhg.nwsvr.com","timestamp":"2016-06-11T16:59:47.258Z"}
{"level":"info","message":"http://002mfho.nwsvr.com","timestamp":"2016-06-11T16:59:47.504Z"}
{"level":"info","message":"http://002mfhp.nwsvr.com","timestamp":"2016-06-11T16:59:47.558Z"}
{"level":"info","message":"http://002mfju.nwsvr.com","timestamp":"2016-06-11T16:59:53.483Z"}
{"level":"info","message":"http://002mflv.nwsvr.com","timestamp":"2016-06-11T16:59:55.638Z"}
{"level":"info","message":"http://002mflw.nwsvr.com","timestamp":"2016-06-11T16:59:56.076Z"}
{"level":"info","message":"http://002mfmo.nwsvr.com","timestamp":"2016-06-11T16:59:56.675Z"}
{"level":"info","message":"http://002mflr.nwsvr.com","timestamp":"2016-06-11T16:59:56.738Z"}
{"level":"info","message":"http://002mfnk.nwsvr.com","timestamp":"2016-06-11T16:59:57.702Z"}
{"level":"info","message":"http://002mfom.nwsvr.com","timestamp":"2016-06-11T17:00:03.284Z"}
{"level":"info","message":"http://002mfoq.nwsvr.com","timestamp":"2016-06-11T17:00:03.518Z"}
{"level":"info","message":"http://002mfog.nwsvr.com","timestamp":"2016-06-11T17:00:03.779Z"}
{"level":"info","message":"http://002mfqn.nwsvr.com","timestamp":"2016-06-11T17:00:05.438Z"}
{"level":"info","message":"http://002mfqc.nwsvr.com","timestamp":"2016-06-11T17:00:05.532Z"}
{"level":"info","message":"http://002mfqp.nwsvr.com","timestamp":"2016-06-11T17:00:06.485Z"}
{"level":"info","message":"http://002mfrj.nwsvr.com","timestamp":"2016-06-11T17:00:07.002Z"}
{"level":"info","message":"http://002mfsj.nwsvr.com","timestamp":"2016-06-11T17:00:09.926Z"}
{"level":"info","message":"http://002mftb.nwsvr.com","timestamp":"2016-06-11T17:00:09.981Z"}
{"level":"info","message":"http://002mfsz.nwsvr.com","timestamp":"2016-06-11T17:00:10.047Z"}
{"level":"info","message":"http://002mftq.nwsvr.com","timestamp":"2016-06-11T17:00:10.628Z"}
{"level":"info","message":"http://002mfti.nwsvr.com","timestamp":"2016-06-11T17:00:10.876Z"}
{"level":"info","message":"http://002mfya.nwsvr.com","timestamp":"2016-06-11T17:00:17.491Z"}
{"level":"info","message":"http://002mfxs.nwsvr.com","timestamp":"2016-06-11T17:00:17.668Z"}
{"level":"info","message":"http://002mfyd.nwsvr.com","timestamp":"2016-06-11T17:00:17.783Z"}
{"level":"info","message":"http://002mfyz.nwsvr.com","timestamp":"2016-06-11T17:00:18.973Z"}
{"level":"info","message":"http://002mfzo.nwsvr.com","timestamp":"2016-06-11T17:00:20.247Z"}
{"level":"info","message":"http://002mgaf.nwsvr.com","timestamp":"2016-06-11T17:00:20.516Z"}
{"level":"info","message":"http://002mgdj.nwsvr.com","timestamp":"2016-06-11T17:00:27.377Z"}
{"level":"info","message":"http://002mgfl.nwsvr.com","timestamp":"2016-06-11T17:00:30.733Z"}
{"level":"info","message":"http://002mghw.nwsvr.com","timestamp":"2016-06-11T17:00:35.203Z"}
{"level":"info","message":"http://002mgjl.nwsvr.com","timestamp":"2016-06-11T17:00:36.618Z"}
{"level":"info","message":"http://002mgjn.nwsvr.com","timestamp":"2016-06-11T17:00:36.761Z"}
{"level":"info","message":"http://002mgkl.nwsvr.com","timestamp":"2016-06-11T17:00:38.308Z"}
{"level":"info","message":"http://002mgkv.nwsvr.com","timestamp":"2016-06-11T17:00:39.638Z"}
{"level":"info","message":"http://002mglg.nwsvr.com","timestamp":"2016-06-11T17:00:39.733Z"}
{"level":"info","message":"http://002mglj.nwsvr.com","timestamp":"2016-06-11T17:00:39.759Z"}
{"level":"info","message":"http://002mgpg.nwsvr.com","timestamp":"2016-06-11T17:00:52.546Z"}
{"level":"info","message":"http://002mgwn.nwsvr.com","timestamp":"2016-06-11T17:01:18.089Z"}
{"level":"info","message":"http://002mgwz.nwsvr.com","timestamp":"2016-06-11T17:01:18.588Z"}
{"level":"info","message":"http://002mgxt.nwsvr.com","timestamp":"2016-06-11T17:01:20.480Z"}
{"level":"info","message":"http://002mgxx.nwsvr.com","timestamp":"2016-06-11T17:01:20.920Z"}
{"level":"info","message":"http://002mgyc.nwsvr.com","timestamp":"2016-06-11T17:01:21.399Z"}
{"level":"info","message":"http://002mgyn.nwsvr.com","timestamp":"2016-06-11T17:01:22.433Z"}
{"level":"info","message":"http://002mgym.nwsvr.com","timestamp":"2016-06-11T17:01:22.797Z"}
{"level":"info","message":"http://002mgyw.nwsvr.com","timestamp":"2016-06-11T17:01:23.771Z"}
{"level":"info","message":"http://002mhbg.nwsvr.com","timestamp":"2016-06-11T17:01:32.681Z"}
{"level":"info","message":"http://002mhbx.nwsvr.com","timestamp":"2016-06-11T17:01:35.077Z"}
{"level":"info","message":"http://002mhbw.nwsvr.com","timestamp":"2016-06-11T17:01:35.111Z"}
{"level":"info","message":"http://002mhem.nwsvr.com","timestamp":"2016-06-11T17:01:46.365Z"}
{"level":"info","message":"http://002mhew.nwsvr.com","timestamp":"2016-06-11T17:01:47.397Z"}
{"level":"info","message":"http://002mhff.nwsvr.com","timestamp":"2016-06-11T17:01:48.970Z"}
{"level":"info","message":"http://002mhfv.nwsvr.com","timestamp":"2016-06-11T17:01:52.206Z"}
{"level":"info","message":"http://002mhgb.nwsvr.com","timestamp":"2016-06-11T17:01:52.551Z"}
{"level":"info","message":"http://002mhge.nwsvr.com","timestamp":"2016-06-11T17:01:53.503Z"}
{"level":"info","message":"http://002mhic.nwsvr.com","timestamp":"2016-06-11T17:02:01.603Z"}
{"level":"info","message":"http://002mhje.nwsvr.com","timestamp":"2016-06-11T17:02:06.176Z"}
{"level":"info","message":"http://002mhki.nwsvr.com","timestamp":"2016-06-11T17:02:10.523Z"}
{"level":"info","message":"http://002mhlq.nwsvr.com","timestamp":"2016-06-11T17:02:14.984Z"}
{"level":"info","message":"http://002mhre.nwsvr.com","timestamp":"2016-06-11T17:02:39.088Z"}
{"level":"info","message":"http://002mhvu.nwsvr.com","timestamp":"2016-06-11T17:02:54.795Z"}
{"level":"info","message":"http://002mhzf.nwsvr.com","timestamp":"2016-06-11T17:03:05.153Z"}
{"level":"info","message":"http://002mhzi.nwsvr.com","timestamp":"2016-06-11T17:03:05.816Z"}
{"level":"info","message":"http://002miat.nwsvr.com","timestamp":"2016-06-11T17:03:10.133Z"}
{"level":"info","message":"http://002midp.nwsvr.com","timestamp":"2016-06-11T17:03:17.775Z"}
{"level":"info","message":"http://002midm.nwsvr.com","timestamp":"2016-06-11T17:03:17.999Z"}
{"level":"info","message":"http://002mief.nwsvr.com","timestamp":"2016-06-11T17:03:19.672Z"}
{"level":"info","message":"http://002migg.nwsvr.com","timestamp":"2016-06-11T17:03:27.136Z"}
{"level":"info","message":"http://002mihi.nwsvr.com","timestamp":"2016-06-11T17:03:30.518Z"}
{"level":"info","message":"http://002mijl.nwsvr.com","timestamp":"2016-06-11T17:03:47.898Z"}
{"level":"info","message":"http://002mikd.nwsvr.com","timestamp":"2016-06-11T17:03:49.634Z"}
{"level":"info","message":"http://002mikg.nwsvr.com","timestamp":"2016-06-11T17:03:49.836Z"}
{"level":"info","message":"http://002mikr.nwsvr.com","timestamp":"2016-06-11T17:03:50.779Z"}
{"level":"info","message":"http://002minp.nwsvr.com","timestamp":"2016-06-11T17:04:03.914Z"}
{"level":"info","message":"http://002miol.nwsvr.com","timestamp":"2016-06-11T17:04:06.242Z"}
{"level":"info","message":"http://002mipv.nwsvr.com","timestamp":"2016-06-11T17:04:13.978Z"}
{"level":"info","message":"http://002miqf.nwsvr.com","timestamp":"2016-06-11T17:04:16.387Z"}
{"level":"info","message":"http://002mitv.nwsvr.com","timestamp":"2016-06-11T17:04:36.653Z"}
{"level":"info","message":"http://002mitx.nwsvr.com","timestamp":"2016-06-11T17:04:37.464Z"}
{"level":"info","message":"http://002miux.nwsvr.com","timestamp":"2016-06-11T17:04:42.104Z"}
{"level":"info","message":"http://002miuy.nwsvr.com","timestamp":"2016-06-11T17:04:42.732Z"}
{"level":"info","message":"http://002miva.nwsvr.com","timestamp":"2016-06-11T17:04:43.124Z"}
{"level":"info","message":"http://002mivc.nwsvr.com","timestamp":"2016-06-11T17:04:43.372Z"}
{"level":"info","message":"http://002mivb.nwsvr.com","timestamp":"2016-06-11T17:04:43.522Z"}
{"level":"info","message":"http://002miuz.nwsvr.com","timestamp":"2016-06-11T17:04:43.609Z"}
{"level":"info","message":"http://002mivf.nwsvr.com","timestamp":"2016-06-11T17:04:44.079Z"}
{"level":"info","message":"http://002mive.nwsvr.com","timestamp":"2016-06-11T17:04:44.201Z"}
{"level":"info","message":"http://002mivh.nwsvr.com","timestamp":"2016-06-11T17:04:44.253Z"}
{"level":"info","message":"http://002mivg.nwsvr.com","timestamp":"2016-06-11T17:04:44.692Z"}
{"level":"info","message":"http://002mivi.nwsvr.com","timestamp":"2016-06-11T17:04:45.000Z"}
{"level":"info","message":"http://002mivj.nwsvr.com","timestamp":"2016-06-11T17:04:45.108Z"}
{"level":"info","message":"http://002mivn.nwsvr.com","timestamp":"2016-06-11T17:04:45.663Z"}
{"level":"info","message":"http://002mivo.nwsvr.com","timestamp":"2016-06-11T17:04:45.714Z"}
{"level":"info","message":"http://002mivl.nwsvr.com","timestamp":"2016-06-11T17:04:45.788Z"}
{"level":"info","message":"http://002mivm.nwsvr.com","timestamp":"2016-06-11T17:04:46.207Z"}
{"level":"info","message":"http://002mivq.nwsvr.com","timestamp":"2016-06-11T17:04:46.271Z"}
{"level":"info","message":"http://002mivr.nwsvr.com","timestamp":"2016-06-11T17:04:46.516Z"}
{"level":"info","message":"http://002mivp.nwsvr.com","timestamp":"2016-06-11T17:04:46.587Z"}
{"level":"info","message":"http://002mivs.nwsvr.com","timestamp":"2016-06-11T17:04:47.361Z"}
{"level":"info","message":"http://002mivw.nwsvr.com","timestamp":"2016-06-11T17:04:47.404Z"}
{"level":"info","message":"http://002mivv.nwsvr.com","timestamp":"2016-06-11T17:04:47.412Z"}
{"level":"info","message":"http://002mivz.nwsvr.com","timestamp":"2016-06-11T17:04:47.973Z"}
{"level":"info","message":"http://002miwa.nwsvr.com","timestamp":"2016-06-11T17:04:47.981Z"}
{"level":"info","message":"http://002miwz.nwsvr.com","timestamp":"2016-06-11T17:04:52.886Z"}
{"level":"info","message":"http://002miwy.nwsvr.com","timestamp":"2016-06-11T17:04:53.095Z"}
{"level":"info","message":"http://002mixp.nwsvr.com","timestamp":"2016-06-11T17:04:56.658Z"}
{"level":"info","message":"http://002mixv.nwsvr.com","timestamp":"2016-06-11T17:04:57.368Z"}
{"level":"info","message":"http://002miyz.nwsvr.com","timestamp":"2016-06-11T17:05:03.162Z"}
{"level":"info","message":"http://002mizm.nwsvr.com","timestamp":"2016-06-11T17:05:05.551Z"}
{"level":"info","message":"http://002mjbd.nwsvr.com","timestamp":"2016-06-11T17:05:13.807Z"}
{"level":"info","message":"http://002mjdd.nwsvr.com","timestamp":"2016-06-11T17:05:23.907Z"}
{"level":"info","message":"http://002mjfj.nwsvr.com","timestamp":"2016-06-11T17:05:34.158Z"}
{"level":"info","message":"http://002mjfk.nwsvr.com","timestamp":"2016-06-11T17:05:34.315Z"}
{"level":"info","message":"http://002mjgh.nwsvr.com","timestamp":"2016-06-11T17:05:38.316Z"}
{"level":"info","message":"http://002mjgl.nwsvr.com","timestamp":"2016-06-11T17:05:38.893Z"}
{"level":"info","message":"http://002mjgq.nwsvr.com","timestamp":"2016-06-11T17:05:40.074Z"}
{"level":"info","message":"http://002mjgs.nwsvr.com","timestamp":"2016-06-11T17:05:40.379Z"}
{"level":"info","message":"http://002mjkf.nwsvr.com","timestamp":"2016-06-11T17:05:56.101Z"}
{"level":"info","message":"http://002mjli.nwsvr.com","timestamp":"2016-06-11T17:06:01.741Z"}
{"level":"info","message":"http://002mjll.nwsvr.com","timestamp":"2016-06-11T17:06:02.759Z"}
{"level":"info","message":"http://002mjqh.nwsvr.com","timestamp":"2016-06-11T17:06:26.880Z"}
{"level":"info","message":"http://002mjqk.nwsvr.com","timestamp":"2016-06-11T17:06:28.022Z"}
{"level":"info","message":"http://002mjvb.nwsvr.com","timestamp":"2016-06-11T17:06:48.762Z"}
{"level":"info","message":"http://002mjvt.nwsvr.com","timestamp":"2016-06-11T17:06:51.068Z"}
{"level":"info","message":"http://002mjyo.nwsvr.com","timestamp":"2016-06-11T17:07:04.156Z"}
{"level":"info","message":"http://002mjyt.nwsvr.com","timestamp":"2016-06-11T17:07:05.108Z"}
{"level":"info","message":"http://002mkfe.nwsvr.com","timestamp":"2016-06-11T17:07:37.728Z"}
{"level":"info","message":"http://002mker.nwsvr.com","timestamp":"2016-06-11T17:07:39.147Z"}
{"level":"info","message":"http://002mkfx.nwsvr.com","timestamp":"2016-06-11T17:07:41.237Z"}
{"level":"info","message":"http://002mkgy.nwsvr.com","timestamp":"2016-06-11T17:07:47.065Z"}
{"level":"info","message":"http://002mkhd.nwsvr.com","timestamp":"2016-06-11T17:07:47.180Z"}
{"level":"info","message":"http://002mkjv.nwsvr.com","timestamp":"2016-06-11T17:07:58.974Z"}
{"level":"info","message":"http://002mkjo.nwsvr.com","timestamp":"2016-06-11T17:08:01.633Z"}
{"level":"info","message":"http://002mklo.nwsvr.com","timestamp":"2016-06-11T17:08:06.762Z"}
{"level":"info","message":"http://002mklt.nwsvr.com","timestamp":"2016-06-11T17:08:08.340Z"}
{"level":"info","message":"http://002mklw.nwsvr.com","timestamp":"2016-06-11T17:08:08.579Z"}
{"level":"info","message":"http://002mkly.nwsvr.com","timestamp":"2016-06-11T17:08:08.837Z"}
{"level":"info","message":"http://002mkmu.nwsvr.com","timestamp":"2016-06-11T17:08:13.072Z"}
{"level":"info","message":"http://002mkoo.nwsvr.com","timestamp":"2016-06-11T17:08:20.751Z"}
{"level":"info","message":"http://002mkpc.nwsvr.com","timestamp":"2016-06-11T17:08:24.052Z"}
{"level":"info","message":"http://002mkpi.nwsvr.com","timestamp":"2016-06-11T17:08:24.895Z"}
{"level":"info","message":"http://002mkqx.nwsvr.com","timestamp":"2016-06-11T17:08:32.332Z"}
{"level":"info","message":"http://002mkry.nwsvr.com","timestamp":"2016-06-11T17:08:37.885Z"}
{"level":"info","message":"http://002mktc.nwsvr.com","timestamp":"2016-06-11T17:08:43.001Z"}
{"level":"info","message":"http://002mktg.nwsvr.com","timestamp":"2016-06-11T17:08:44.690Z"}
{"level":"info","message":"http://002mkvb.nwsvr.com","timestamp":"2016-06-11T17:08:57.636Z"}
{"level":"info","message":"http://002mkxi.nwsvr.com","timestamp":"2016-06-11T17:09:06.065Z"}
{"level":"info","message":"http://002mkzg.nwsvr.com","timestamp":"2016-06-11T17:09:14.357Z"}
{"level":"info","message":"http://002mkzu.nwsvr.com","timestamp":"2016-06-11T17:09:16.685Z"}
{"level":"info","message":"http://002mlbu.nwsvr.com","timestamp":"2016-06-11T17:09:24.659Z"}
{"level":"info","message":"http://002mleq.nwsvr.com","timestamp":"2016-06-11T17:09:39.164Z"}
{"level":"info","message":"http://002mlht.nwsvr.com","timestamp":"2016-06-11T17:09:54.785Z"}
{"level":"info","message":"http://002mlic.nwsvr.com","timestamp":"2016-06-11T17:09:55.959Z"}
{"level":"info","message":"http://002mlio.nwsvr.com","timestamp":"2016-06-11T17:09:57.735Z"}
{"level":"info","message":"http://002mllp.nwsvr.com","timestamp":"2016-06-11T17:10:12.322Z"}
{"level":"info","message":"http://002mllu.nwsvr.com","timestamp":"2016-06-11T17:10:13.457Z"}
{"level":"info","message":"http://002mlmr.nwsvr.com","timestamp":"2016-06-11T17:10:23.720Z"}
{"level":"info","message":"http://002mlms.nwsvr.com","timestamp":"2016-06-11T17:10:24.108Z"}
{"level":"info","message":"http://002mlmv.nwsvr.com","timestamp":"2016-06-11T17:10:24.238Z"}
{"level":"info","message":"http://002mlng.nwsvr.com","timestamp":"2016-06-11T17:10:25.811Z"}
{"level":"info","message":"http://002mlnv.nwsvr.com","timestamp":"2016-06-11T17:10:27.882Z"}
{"level":"info","message":"http://002mlnx.nwsvr.com","timestamp":"2016-06-11T17:10:28.342Z"}
{"level":"info","message":"http://002mlsg.nwsvr.com","timestamp":"2016-06-11T17:10:47.475Z"}
{"level":"info","message":"http://002mlty.nwsvr.com","timestamp":"2016-06-11T17:10:55.460Z"}
{"level":"info","message":"http://002mlvc.nwsvr.com","timestamp":"2016-06-11T17:11:00.836Z"}
{"level":"info","message":"http://002mlwa.nwsvr.com","timestamp":"2016-06-11T17:11:05.984Z"}
{"level":"info","message":"http://002mlwe.nwsvr.com","timestamp":"2016-06-11T17:11:06.340Z"}
{"level":"info","message":"http://002mlzc.nwsvr.com","timestamp":"2016-06-11T17:11:21.138Z"}
{"level":"info","message":"http://002mmbf.nwsvr.com","timestamp":"2016-06-11T17:11:29.852Z"}
{"level":"info","message":"http://002mmcc.nwsvr.com","timestamp":"2016-06-11T17:11:34.645Z"}
{"level":"info","message":"http://002mmch.nwsvr.com","timestamp":"2016-06-11T17:11:35.515Z"}
{"level":"info","message":"http://002mmcj.nwsvr.com","timestamp":"2016-06-11T17:11:38.636Z"}
{"level":"info","message":"http://002mmdi.nwsvr.com","timestamp":"2016-06-11T17:11:46.034Z"}
{"level":"info","message":"http://002mmfb.nwsvr.com","timestamp":"2016-06-11T17:11:52.427Z"}
{"level":"info","message":"http://002mmgs.nwsvr.com","timestamp":"2016-06-11T17:11:59.550Z"}
{"level":"info","message":"http://002mmjc.nwsvr.com","timestamp":"2016-06-11T17:12:09.692Z"}
{"level":"info","message":"http://002mmjm.nwsvr.com","timestamp":"2016-06-11T17:12:11.299Z"}
{"level":"info","message":"http://002mmjj.nwsvr.com","timestamp":"2016-06-11T17:12:11.355Z"}
{"level":"info","message":"http://002mmjv.nwsvr.com","timestamp":"2016-06-11T17:12:12.651Z"}
{"level":"info","message":"http://002mmku.nwsvr.com","timestamp":"2016-06-11T17:12:17.898Z"}
{"level":"info","message":"http://002mmli.nwsvr.com","timestamp":"2016-06-11T17:12:20.329Z"}
{"level":"info","message":"http://002mmnk.nwsvr.com","timestamp":"2016-06-11T17:12:29.793Z"}
{"level":"info","message":"http://002mmou.nwsvr.com","timestamp":"2016-06-11T17:12:36.703Z"}
{"level":"info","message":"http://002mmpn.nwsvr.com","timestamp":"2016-06-11T17:12:40.508Z"}
{"level":"info","message":"http://002mmpy.nwsvr.com","timestamp":"2016-06-11T17:12:42.558Z"}
{"level":"info","message":"http://002mmqx.nwsvr.com","timestamp":"2016-06-11T17:12:47.711Z"}
{"level":"info","message":"http://002mmrc.nwsvr.com","timestamp":"2016-06-11T17:12:48.317Z"}
{"level":"info","message":"http://002mmtt.nwsvr.com","timestamp":"2016-06-11T17:13:00.942Z"}
{"level":"info","message":"http://002mmut.nwsvr.com","timestamp":"2016-06-11T17:13:06.275Z"}
{"level":"info","message":"http://002mmwc.nwsvr.com","timestamp":"2016-06-11T17:13:13.008Z"}
{"level":"info","message":"http://002mmwo.nwsvr.com","timestamp":"2016-06-11T17:13:14.980Z"}
{"level":"info","message":"http://002mnbw.nwsvr.com","timestamp":"2016-06-11T17:13:43.945Z"}
{"level":"info","message":"http://002mnfs.nwsvr.com","timestamp":"2016-06-11T17:14:02.360Z"}
{"level":"info","message":"http://002mngd.nwsvr.com","timestamp":"2016-06-11T17:14:03.984Z"}
{"level":"info","message":"http://002mngw.nwsvr.com","timestamp":"2016-06-11T17:14:08.270Z"}
{"level":"info","message":"http://002mnia.nwsvr.com","timestamp":"2016-06-11T17:14:13.325Z"}
{"level":"info","message":"http://002mnpy.nwsvr.com","timestamp":"2016-06-11T17:14:47.879Z"}
{"level":"info","message":"http://002mnsj.nwsvr.com","timestamp":"2016-06-11T17:14:58.954Z"}
{"level":"info","message":"http://002mnsz.nwsvr.com","timestamp":"2016-06-11T17:15:01.833Z"}
{"level":"info","message":"http://002mntn.nwsvr.com","timestamp":"2016-06-11T17:15:04.278Z"}
{"level":"info","message":"http://002mntz.nwsvr.com","timestamp":"2016-06-11T17:15:06.703Z"}
{"level":"info","message":"http://002mnuh.nwsvr.com","timestamp":"2016-06-11T17:15:07.964Z"}
{"level":"info","message":"http://002mnvn.nwsvr.com","timestamp":"2016-06-11T17:15:13.990Z"}
{"level":"info","message":"http://002mnxa.nwsvr.com","timestamp":"2016-06-11T17:15:21.375Z"}
{"level":"info","message":"http://002mnwz.nwsvr.com","timestamp":"2016-06-11T17:15:21.639Z"}
{"level":"info","message":"http://002mnxm.nwsvr.com","timestamp":"2016-06-11T17:15:23.487Z"}
{"level":"info","message":"http://002mnxq.nwsvr.com","timestamp":"2016-06-11T17:15:24.054Z"}
{"level":"info","message":"http://002mnyc.nwsvr.com","timestamp":"2016-06-11T17:15:27.006Z"}
{"level":"info","message":"http://002mnxo.nwsvr.com","timestamp":"2016-06-11T17:15:27.711Z"}
{"level":"info","message":"http://002moag.nwsvr.com","timestamp":"2016-06-11T17:15:37.794Z"}
{"level":"info","message":"http://002moco.nwsvr.com","timestamp":"2016-06-11T17:15:48.824Z"}
{"level":"info","message":"http://002moec.nwsvr.com","timestamp":"2016-06-11T17:15:57.649Z"}
{"level":"info","message":"http://002moes.nwsvr.com","timestamp":"2016-06-11T17:15:59.218Z"}
{"level":"info","message":"http://002moff.nwsvr.com","timestamp":"2016-06-11T17:16:00.838Z"}
{"level":"info","message":"http://002moij.nwsvr.com","timestamp":"2016-06-11T17:16:15.540Z"}
{"level":"info","message":"http://002moir.nwsvr.com","timestamp":"2016-06-11T17:16:17.095Z"}
{"level":"info","message":"http://002mojj.nwsvr.com","timestamp":"2016-06-11T17:16:20.209Z"}
{"level":"info","message":"http://002mokb.nwsvr.com","timestamp":"2016-06-11T17:16:23.249Z"}
{"level":"info","message":"http://002moko.nwsvr.com","timestamp":"2016-06-11T17:16:25.741Z"}
{"level":"info","message":"http://002momn.nwsvr.com","timestamp":"2016-06-11T17:16:36.209Z"}
{"level":"info","message":"http://002moms.nwsvr.com","timestamp":"2016-06-11T17:16:36.938Z"}
{"level":"info","message":"http://002monn.nwsvr.com","timestamp":"2016-06-11T17:16:40.975Z"}
{"level":"info","message":"http://002monu.nwsvr.com","timestamp":"2016-06-11T17:16:42.262Z"}
{"level":"info","message":"http://002moov.nwsvr.com","timestamp":"2016-06-11T17:16:47.616Z"}
{"level":"info","message":"http://002mooy.nwsvr.com","timestamp":"2016-06-11T17:16:50.408Z"}
{"level":"info","message":"http://002moqf.nwsvr.com","timestamp":"2016-06-11T17:16:54.140Z"}
{"level":"info","message":"http://002mosa.nwsvr.com","timestamp":"2016-06-11T17:17:03.269Z"}
{"level":"info","message":"http://002motl.nwsvr.com","timestamp":"2016-06-11T17:17:09.959Z"}
{"level":"info","message":"http://002movd.nwsvr.com","timestamp":"2016-06-11T17:17:17.195Z"}
{"level":"info","message":"http://002mpdp.nwsvr.com","timestamp":"2016-06-11T17:17:48.620Z"}
{"level":"info","message":"http://002mpdr.nwsvr.com","timestamp":"2016-06-11T17:17:48.732Z"}
{"level":"info","message":"http://002mpdu.nwsvr.com","timestamp":"2016-06-11T17:17:49.188Z"}
{"level":"info","message":"http://002mpfa.nwsvr.com","timestamp":"2016-06-11T17:17:53.148Z"}
{"level":"info","message":"http://002mpfe.nwsvr.com","timestamp":"2016-06-11T17:17:54.814Z"}
{"level":"info","message":"http://002mpfh.nwsvr.com","timestamp":"2016-06-11T17:17:55.130Z"}
{"level":"info","message":"http://002mpfb.nwsvr.com","timestamp":"2016-06-11T17:17:55.173Z"}
{"level":"info","message":"http://002mpjw.nwsvr.com","timestamp":"2016-06-11T17:18:05.056Z"}
{"level":"info","message":"http://002mpkd.nwsvr.com","timestamp":"2016-06-11T17:18:05.356Z"}
{"level":"info","message":"http://002mpod.nwsvr.com","timestamp":"2016-06-11T17:18:14.739Z"}
{"level":"info","message":"http://002mprd.nwsvr.com","timestamp":"2016-06-11T17:18:20.541Z"}
{"level":"info","message":"http://002mpwm.nwsvr.com","timestamp":"2016-06-11T17:18:31.619Z"}
{"level":"info","message":"http://002mqbj.nwsvr.com","timestamp":"2016-06-11T17:18:41.073Z"}
{"level":"info","message":"http://002mqcc.nwsvr.com","timestamp":"2016-06-11T17:18:42.374Z"}
{"level":"info","message":"http://002mqho.nwsvr.com","timestamp":"2016-06-11T17:18:52.552Z"}
{"level":"info","message":"http://002mqil.nwsvr.com","timestamp":"2016-06-11T17:18:54.115Z"}
{"level":"info","message":"http://002mqjj.nwsvr.com","timestamp":"2016-06-11T17:18:55.825Z"}
{"level":"info","message":"http://002mqkk.nwsvr.com","timestamp":"2016-06-11T17:18:57.431Z"}
{"level":"info","message":"http://002mqkr.nwsvr.com","timestamp":"2016-06-11T17:18:58.338Z"}
{"level":"info","message":"http://002mqky.nwsvr.com","timestamp":"2016-06-11T17:18:58.470Z"}
{"level":"info","message":"http://002mqkt.nwsvr.com","timestamp":"2016-06-11T17:18:59.302Z"}
{"level":"info","message":"http://002mqln.nwsvr.com","timestamp":"2016-06-11T17:19:00.656Z"}
{"level":"info","message":"http://002mqnr.nwsvr.com","timestamp":"2016-06-11T17:19:03.567Z"}
{"level":"info","message":"http://002mqoi.nwsvr.com","timestamp":"2016-06-11T17:19:05.010Z"}
{"level":"info","message":"http://002mqpv.nwsvr.com","timestamp":"2016-06-11T17:19:07.269Z"}
{"level":"info","message":"http://002mqpz.nwsvr.com","timestamp":"2016-06-11T17:19:07.539Z"}
{"level":"info","message":"http://002mqqa.nwsvr.com","timestamp":"2016-06-11T17:19:07.854Z"}
{"level":"info","message":"http://002mqpq.nwsvr.com","timestamp":"2016-06-11T17:19:09.423Z"}
{"level":"info","message":"http://002mqsh.nwsvr.com","timestamp":"2016-06-11T17:19:12.453Z"}
{"level":"info","message":"http://002mqsg.nwsvr.com","timestamp":"2016-06-11T17:19:12.488Z"}
{"level":"info","message":"http://002mqsb.nwsvr.com","timestamp":"2016-06-11T17:19:12.506Z"}
{"level":"info","message":"http://002mqsi.nwsvr.com","timestamp":"2016-06-11T17:19:12.545Z"}
{"level":"info","message":"http://002mqsl.nwsvr.com","timestamp":"2016-06-11T17:19:12.596Z"}
{"level":"info","message":"http://002mqsm.nwsvr.com","timestamp":"2016-06-11T17:19:12.676Z"}
{"level":"info","message":"http://002mqsn.nwsvr.com","timestamp":"2016-06-11T17:19:12.692Z"}
{"level":"info","message":"http://002mqsp.nwsvr.com","timestamp":"2016-06-11T17:19:12.809Z"}
{"level":"info","message":"http://002mqsv.nwsvr.com","timestamp":"2016-06-11T17:19:13.473Z"}
{"level":"info","message":"http://002mqsz.nwsvr.com","timestamp":"2016-06-11T17:19:13.876Z"}
{"level":"info","message":"http://002mqtf.nwsvr.com","timestamp":"2016-06-11T17:19:14.169Z"}
{"level":"info","message":"http://002mqtp.nwsvr.com","timestamp":"2016-06-11T17:19:14.566Z"}
{"level":"info","message":"http://002mqtx.nwsvr.com","timestamp":"2016-06-11T17:19:14.967Z"}
{"level":"info","message":"http://002mquj.nwsvr.com","timestamp":"2016-06-11T17:19:16.221Z"}
{"level":"info","message":"http://002mqvf.nwsvr.com","timestamp":"2016-06-11T17:19:18.359Z"}
{"level":"info","message":"http://002mqvd.nwsvr.com","timestamp":"2016-06-11T17:19:18.726Z"}
{"level":"info","message":"http://002mqvp.nwsvr.com","timestamp":"2016-06-11T17:19:18.944Z"}
{"level":"info","message":"http://002mqvq.nwsvr.com","timestamp":"2016-06-11T17:19:19.257Z"}
{"level":"info","message":"http://002mqvs.nwsvr.com","timestamp":"2016-06-11T17:19:19.549Z"}
{"level":"info","message":"http://002mqwp.nwsvr.com","timestamp":"2016-06-11T17:19:20.649Z"}
{"level":"info","message":"http://002mrdh.nwsvr.com","timestamp":"2016-06-11T17:19:33.852Z"}
{"level":"info","message":"http://002mref.nwsvr.com","timestamp":"2016-06-11T17:19:35.273Z"}
{"level":"info","message":"http://002mrek.nwsvr.com","timestamp":"2016-06-11T17:19:35.682Z"}
{"level":"info","message":"http://002mrgu.nwsvr.com","timestamp":"2016-06-11T17:19:39.985Z"}
{"level":"info","message":"http://002mrgx.nwsvr.com","timestamp":"2016-06-11T17:19:40.021Z"}
{"level":"info","message":"http://002mrhk.nwsvr.com","timestamp":"2016-06-11T17:19:41.092Z"}
{"level":"info","message":"http://002mriq.nwsvr.com","timestamp":"2016-06-11T17:19:42.964Z"}
{"level":"info","message":"http://002mriv.nwsvr.com","timestamp":"2016-06-11T17:19:43.612Z"}
{"level":"info","message":"http://002mrjm.nwsvr.com","timestamp":"2016-06-11T17:19:44.407Z"}
{"level":"info","message":"http://002mrjn.nwsvr.com","timestamp":"2016-06-11T17:19:44.512Z"}
{"level":"info","message":"http://002mrjv.nwsvr.com","timestamp":"2016-06-11T17:19:45.076Z"}
{"level":"info","message":"http://002mrjz.nwsvr.com","timestamp":"2016-06-11T17:19:45.375Z"}
{"level":"info","message":"http://002mrka.nwsvr.com","timestamp":"2016-06-11T17:19:45.476Z"}
{"level":"info","message":"http://002mrne.nwsvr.com","timestamp":"2016-06-11T17:19:51.493Z"}
{"level":"info","message":"http://002mrpq.nwsvr.com","timestamp":"2016-06-11T17:19:56.273Z"}
{"level":"info","message":"http://002mrqn.nwsvr.com","timestamp":"2016-06-11T17:19:57.988Z"}
{"level":"info","message":"http://002mrta.nwsvr.com","timestamp":"2016-06-11T17:20:03.856Z"}
{"level":"info","message":"http://002mrxk.nwsvr.com","timestamp":"2016-06-11T17:20:12.614Z"}
{"level":"info","message":"http://002mrxt.nwsvr.com","timestamp":"2016-06-11T17:20:13.046Z"}
{"level":"info","message":"http://002msac.nwsvr.com","timestamp":"2016-06-11T17:20:17.052Z"}
{"level":"info","message":"http://002msbt.nwsvr.com","timestamp":"2016-06-11T17:20:19.789Z"}
{"level":"info","message":"http://002msce.nwsvr.com","timestamp":"2016-06-11T17:20:20.622Z"}
{"level":"info","message":"http://002msdm.nwsvr.com","timestamp":"2016-06-11T17:20:24.098Z"}
{"level":"info","message":"http://002msem.nwsvr.com","timestamp":"2016-06-11T17:20:25.889Z"}
{"level":"info","message":"http://002msep.nwsvr.com","timestamp":"2016-06-11T17:20:25.897Z"}
{"level":"info","message":"http://002mshh.nwsvr.com","timestamp":"2016-06-11T17:20:30.594Z"}
{"level":"info","message":"http://002mshi.nwsvr.com","timestamp":"2016-06-11T17:20:31.353Z"}
{"level":"info","message":"http://002msmv.nwsvr.com","timestamp":"2016-06-11T17:20:46.283Z"}
{"level":"info","message":"http://002mspo.nwsvr.com","timestamp":"2016-06-11T17:20:54.328Z"}
{"level":"info","message":"http://002msrd.nwsvr.com","timestamp":"2016-06-11T17:20:59.091Z"}
{"level":"info","message":"http://002msrq.nwsvr.com","timestamp":"2016-06-11T17:20:59.484Z"}
{"level":"info","message":"http://002mssr.nwsvr.com","timestamp":"2016-06-11T17:21:01.724Z"}
{"level":"info","message":"http://002mssy.nwsvr.com","timestamp":"2016-06-11T17:21:02.910Z"}
{"level":"info","message":"http://002msvr.nwsvr.com","timestamp":"2016-06-11T17:21:07.836Z"}
{"level":"info","message":"http://002mswm.nwsvr.com","timestamp":"2016-06-11T17:21:09.882Z"}
{"level":"info","message":"http://002msxb.nwsvr.com","timestamp":"2016-06-11T17:21:10.712Z"}
{"level":"info","message":"http://002msxt.nwsvr.com","timestamp":"2016-06-11T17:21:13.877Z"}
{"level":"info","message":"http://002mszf.nwsvr.com","timestamp":"2016-06-11T17:21:16.425Z"}
{"level":"info","message":"http://002mtaw.nwsvr.com","timestamp":"2016-06-11T17:21:21.169Z"}
{"level":"info","message":"http://002mtdo.nwsvr.com","timestamp":"2016-06-11T17:21:28.252Z"}
{"level":"info","message":"http://002mtdt.nwsvr.com","timestamp":"2016-06-11T17:21:28.989Z"}
{"level":"info","message":"http://002mtds.nwsvr.com","timestamp":"2016-06-11T17:21:28.992Z"}
{"level":"info","message":"http://002mtdq.nwsvr.com","timestamp":"2016-06-11T17:21:29.287Z"}
{"level":"info","message":"http://002mtdw.nwsvr.com","timestamp":"2016-06-11T17:21:29.568Z"}
{"level":"info","message":"http://002mtfj.nwsvr.com","timestamp":"2016-06-11T17:21:32.084Z"}
{"level":"info","message":"http://002mtfs.nwsvr.com","timestamp":"2016-06-11T17:21:32.322Z"}
{"level":"info","message":"http://002mthf.nwsvr.com","timestamp":"2016-06-11T17:21:35.829Z"}
{"level":"info","message":"http://002mtjf.nwsvr.com","timestamp":"2016-06-11T17:21:40.165Z"}
{"level":"info","message":"http://002mtka.nwsvr.com","timestamp":"2016-06-11T17:21:41.425Z"}
{"level":"info","message":"http://002mtmg.nwsvr.com","timestamp":"2016-06-11T17:21:45.865Z"}
{"level":"info","message":"http://002mtmn.nwsvr.com","timestamp":"2016-06-11T17:21:46.621Z"}
{"level":"info","message":"http://002mtms.nwsvr.com","timestamp":"2016-06-11T17:21:47.108Z"}
{"level":"info","message":"http://002mtmv.nwsvr.com","timestamp":"2016-06-11T17:21:47.535Z"}
{"level":"info","message":"http://002mtoq.nwsvr.com","timestamp":"2016-06-11T17:21:50.868Z"}
{"level":"info","message":"http://002mtpa.nwsvr.com","timestamp":"2016-06-11T17:21:51.735Z"}
{"level":"info","message":"http://002mtpn.nwsvr.com","timestamp":"2016-06-11T17:21:52.656Z"}
{"level":"info","message":"http://002mtrk.nwsvr.com","timestamp":"2016-06-11T17:21:57.003Z"}
{"level":"info","message":"http://002mtsz.nwsvr.com","timestamp":"2016-06-11T17:22:01.439Z"}
{"level":"info","message":"http://002mttb.nwsvr.com","timestamp":"2016-06-11T17:22:01.562Z"}
{"level":"info","message":"http://002mttc.nwsvr.com","timestamp":"2016-06-11T17:22:01.745Z"}
{"level":"info","message":"http://002mttk.nwsvr.com","timestamp":"2016-06-11T17:22:02.053Z"}
{"level":"info","message":"http://002mttm.nwsvr.com","timestamp":"2016-06-11T17:22:02.134Z"}
{"level":"info","message":"http://002mttp.nwsvr.com","timestamp":"2016-06-11T17:22:02.328Z"}
{"level":"info","message":"http://002mtsx.nwsvr.com","timestamp":"2016-06-11T17:22:04.425Z"}
{"level":"info","message":"http://002mtvu.nwsvr.com","timestamp":"2016-06-11T17:22:06.851Z"}
{"level":"info","message":"http://002mtxq.nwsvr.com","timestamp":"2016-06-11T17:22:11.413Z"}
{"level":"info","message":"http://002mtwz.nwsvr.com","timestamp":"2016-06-11T17:22:11.483Z"}
{"level":"info","message":"http://002mtyn.nwsvr.com","timestamp":"2016-06-11T17:22:13.477Z"}
{"level":"info","message":"http://002mtzv.nwsvr.com","timestamp":"2016-06-11T17:22:16.919Z"}
{"level":"info","message":"http://002muaa.nwsvr.com","timestamp":"2016-06-11T17:22:17.966Z"}
{"level":"info","message":"http://002muab.nwsvr.com","timestamp":"2016-06-11T17:22:18.743Z"}
{"level":"info","message":"http://002muak.nwsvr.com","timestamp":"2016-06-11T17:22:21.052Z"}
{"level":"info","message":"http://002mucd.nwsvr.com","timestamp":"2016-06-11T17:22:26.794Z"}
{"level":"info","message":"http://002muci.nwsvr.com","timestamp":"2016-06-11T17:22:27.179Z"}
{"level":"info","message":"http://002mucx.nwsvr.com","timestamp":"2016-06-11T17:22:28.228Z"}
{"level":"info","message":"http://002mttf.nwsvr.com","timestamp":"2016-06-11T17:22:32.890Z"}
{"level":"info","message":"http://002mueo.nwsvr.com","timestamp":"2016-06-11T17:22:33.134Z"}
{"level":"info","message":"http://002mueq.nwsvr.com","timestamp":"2016-06-11T17:22:33.596Z"}
{"level":"info","message":"http://002muew.nwsvr.com","timestamp":"2016-06-11T17:22:33.774Z"}
{"level":"info","message":"http://002mugm.nwsvr.com","timestamp":"2016-06-11T17:22:36.974Z"}
{"level":"info","message":"http://002mugr.nwsvr.com","timestamp":"2016-06-11T17:22:37.692Z"}
{"level":"info","message":"http://002muhx.nwsvr.com","timestamp":"2016-06-11T17:22:40.247Z"}
{"level":"info","message":"http://002mujo.nwsvr.com","timestamp":"2016-06-11T17:22:44.989Z"}
{"level":"info","message":"http://002mujs.nwsvr.com","timestamp":"2016-06-11T17:22:45.251Z"}
{"level":"info","message":"http://002mujt.nwsvr.com","timestamp":"2016-06-11T17:22:45.422Z"}
{"level":"info","message":"http://002mukv.nwsvr.com","timestamp":"2016-06-11T17:22:48.669Z"}
{"level":"info","message":"http://002mulv.nwsvr.com","timestamp":"2016-06-11T17:22:52.332Z"}
{"level":"info","message":"http://002mume.nwsvr.com","timestamp":"2016-06-11T17:22:53.514Z"}
{"level":"info","message":"http://002mumj.nwsvr.com","timestamp":"2016-06-11T17:22:53.734Z"}
{"level":"info","message":"http://002mumr.nwsvr.com","timestamp":"2016-06-11T17:22:54.693Z"}
{"level":"info","message":"http://002muna.nwsvr.com","timestamp":"2016-06-11T17:22:56.332Z"}
{"level":"info","message":"http://002munz.nwsvr.com","timestamp":"2016-06-11T17:22:58.590Z"}
{"level":"info","message":"http://002muoa.nwsvr.com","timestamp":"2016-06-11T17:22:59.376Z"}
{"level":"info","message":"http://002muod.nwsvr.com","timestamp":"2016-06-11T17:22:59.603Z"}
{"level":"info","message":"http://002muol.nwsvr.com","timestamp":"2016-06-11T17:23:00.144Z"}
{"level":"info","message":"http://002muoq.nwsvr.com","timestamp":"2016-06-11T17:23:00.933Z"}
{"level":"info","message":"http://002murl.nwsvr.com","timestamp":"2016-06-11T17:23:08.763Z"}
{"level":"info","message":"http://002murh.nwsvr.com","timestamp":"2016-06-11T17:23:08.983Z"}
{"level":"info","message":"http://002murq.nwsvr.com","timestamp":"2016-06-11T17:23:09.395Z"}
{"level":"info","message":"http://002murw.nwsvr.com","timestamp":"2016-06-11T17:23:10.014Z"}
{"level":"info","message":"http://002muso.nwsvr.com","timestamp":"2016-06-11T17:23:11.522Z"}
{"level":"info","message":"http://002musk.nwsvr.com","timestamp":"2016-06-11T17:23:11.540Z"}
{"level":"info","message":"http://002musn.nwsvr.com","timestamp":"2016-06-11T17:23:11.575Z"}
{"level":"info","message":"http://002musq.nwsvr.com","timestamp":"2016-06-11T17:23:11.908Z"}
{"level":"info","message":"http://002mutt.nwsvr.com","timestamp":"2016-06-11T17:23:14.484Z"}
{"level":"info","message":"http://002muub.nwsvr.com","timestamp":"2016-06-11T17:23:15.066Z"}
{"level":"info","message":"http://002muul.nwsvr.com","timestamp":"2016-06-11T17:23:16.265Z"}
{"level":"info","message":"http://002muvy.nwsvr.com","timestamp":"2016-06-11T17:23:18.445Z"}
{"level":"info","message":"http://002muvu.nwsvr.com","timestamp":"2016-06-11T17:23:18.814Z"}
{"level":"info","message":"http://002muwv.nwsvr.com","timestamp":"2016-06-11T17:23:19.988Z"}
{"level":"info","message":"http://002muxv.nwsvr.com","timestamp":"2016-06-11T17:23:22.229Z"}
{"level":"info","message":"http://002muze.nwsvr.com","timestamp":"2016-06-11T17:23:25.488Z"}
{"level":"info","message":"http://002muzf.nwsvr.com","timestamp":"2016-06-11T17:23:25.523Z"}
{"level":"info","message":"http://002mvam.nwsvr.com","timestamp":"2016-06-11T17:23:28.710Z"}
{"level":"info","message":"http://002mvaq.nwsvr.com","timestamp":"2016-06-11T17:23:28.976Z"}
{"level":"info","message":"http://002mvcu.nwsvr.com","timestamp":"2016-06-11T17:23:35.542Z"}
{"level":"info","message":"http://002mvgs.nwsvr.com","timestamp":"2016-06-11T17:23:47.150Z"}
{"level":"info","message":"http://002mvgy.nwsvr.com","timestamp":"2016-06-11T17:23:47.875Z"}
{"level":"info","message":"http://002mvhc.nwsvr.com","timestamp":"2016-06-11T17:23:48.112Z"}
{"level":"info","message":"http://002mvhd.nwsvr.com","timestamp":"2016-06-11T17:23:48.591Z"}
{"level":"info","message":"http://002mvhj.nwsvr.com","timestamp":"2016-06-11T17:23:48.841Z"}
{"level":"info","message":"http://002mvhp.nwsvr.com","timestamp":"2016-06-11T17:23:49.116Z"}
{"level":"info","message":"http://002mvhx.nwsvr.com","timestamp":"2016-06-11T17:23:49.774Z"}
{"level":"info","message":"http://002mvig.nwsvr.com","timestamp":"2016-06-11T17:23:51.094Z"}
{"level":"info","message":"http://002mvim.nwsvr.com","timestamp":"2016-06-11T17:23:51.150Z"}
{"level":"info","message":"http://002mvjs.nwsvr.com","timestamp":"2016-06-11T17:23:53.667Z"}
{"level":"info","message":"http://002mvkc.nwsvr.com","timestamp":"2016-06-11T17:23:54.229Z"}
{"level":"info","message":"http://002mvmm.nwsvr.com","timestamp":"2016-06-11T17:24:00.575Z"}
{"level":"info","message":"http://002mvmx.nwsvr.com","timestamp":"2016-06-11T17:24:01.585Z"}
{"level":"info","message":"http://002mvnx.nwsvr.com","timestamp":"2016-06-11T17:24:04.745Z"}
{"level":"info","message":"http://002mvov.nwsvr.com","timestamp":"2016-06-11T17:24:07.440Z"}
{"level":"info","message":"http://002mvqo.nwsvr.com","timestamp":"2016-06-11T17:24:13.103Z"}
{"level":"info","message":"http://002mvrr.nwsvr.com","timestamp":"2016-06-11T17:24:15.671Z"}
{"level":"info","message":"http://002mvrs.nwsvr.com","timestamp":"2016-06-11T17:24:15.774Z"}
{"level":"info","message":"http://002mvsc.nwsvr.com","timestamp":"2016-06-11T17:24:16.610Z"}
{"level":"info","message":"http://002mvtt.nwsvr.com","timestamp":"2016-06-11T17:24:20.259Z"}
{"level":"info","message":"http://002mvue.nwsvr.com","timestamp":"2016-06-11T17:24:21.190Z"}
{"level":"info","message":"http://002mvuv.nwsvr.com","timestamp":"2016-06-11T17:24:22.177Z"}
{"level":"info","message":"http://002mvxl.nwsvr.com","timestamp":"2016-06-11T17:24:25.994Z"}
{"level":"info","message":"http://002mvyv.nwsvr.com","timestamp":"2016-06-11T17:24:28.345Z"}
{"level":"info","message":"http://002mvzd.nwsvr.com","timestamp":"2016-06-11T17:24:28.973Z"}
{"level":"info","message":"http://002mwad.nwsvr.com","timestamp":"2016-06-11T17:24:30.188Z"}
{"level":"info","message":"http://002mwaz.nwsvr.com","timestamp":"2016-06-11T17:24:31.723Z"}
{"level":"info","message":"http://002mwba.nwsvr.com","timestamp":"2016-06-11T17:24:31.856Z"}
{"level":"info","message":"http://002mwbn.nwsvr.com","timestamp":"2016-06-11T17:24:33.010Z"}
{"level":"info","message":"http://002mwdg.nwsvr.com","timestamp":"2016-06-11T17:24:36.164Z"}
{"level":"info","message":"http://002mweg.nwsvr.com","timestamp":"2016-06-11T17:24:37.503Z"}
{"level":"info","message":"http://002mwep.nwsvr.com","timestamp":"2016-06-11T17:24:37.967Z"}
{"level":"info","message":"http://002mwfi.nwsvr.com","timestamp":"2016-06-11T17:24:39.240Z"}
{"level":"info","message":"http://002mwhh.nwsvr.com","timestamp":"2016-06-11T17:24:42.534Z"}
{"level":"info","message":"http://002mwhl.nwsvr.com","timestamp":"2016-06-11T17:24:43.122Z"}
{"level":"info","message":"http://002mwia.nwsvr.com","timestamp":"2016-06-11T17:24:44.239Z"}
{"level":"info","message":"http://002mwid.nwsvr.com","timestamp":"2016-06-11T17:24:44.436Z"}
{"level":"info","message":"http://002mwjd.nwsvr.com","timestamp":"2016-06-11T17:24:46.215Z"}
{"level":"info","message":"http://002mwjn.nwsvr.com","timestamp":"2016-06-11T17:24:46.884Z"}
{"level":"info","message":"http://002mwkt.nwsvr.com","timestamp":"2016-06-11T17:24:49.157Z"}
{"level":"info","message":"http://002mwky.nwsvr.com","timestamp":"2016-06-11T17:24:49.321Z"}
{"level":"info","message":"http://002mwmc.nwsvr.com","timestamp":"2016-06-11T17:24:52.436Z"}
{"level":"info","message":"http://002mwnm.nwsvr.com","timestamp":"2016-06-11T17:24:54.211Z"}
{"level":"info","message":"http://002mwor.nwsvr.com","timestamp":"2016-06-11T17:24:56.540Z"}
{"level":"info","message":"http://002mwos.nwsvr.com","timestamp":"2016-06-11T17:24:56.796Z"}
{"level":"info","message":"http://002mwqm.nwsvr.com","timestamp":"2016-06-11T17:24:59.846Z"}
{"level":"info","message":"http://002mwrh.nwsvr.com","timestamp":"2016-06-11T17:25:01.585Z"}
{"level":"info","message":"http://002mwrq.nwsvr.com","timestamp":"2016-06-11T17:25:01.944Z"}
{"level":"info","message":"http://002mwix.nwsvr.com","timestamp":"2016-06-11T17:25:02.016Z"}
{"level":"info","message":"http://002mwse.nwsvr.com","timestamp":"2016-06-11T17:25:03.076Z"}
{"level":"info","message":"http://002mwum.nwsvr.com","timestamp":"2016-06-11T17:25:08.208Z"}
{"level":"info","message":"http://002mwuu.nwsvr.com","timestamp":"2016-06-11T17:25:08.680Z"}
{"level":"info","message":"http://002mwyi.nwsvr.com","timestamp":"2016-06-11T17:25:16.862Z"}
{"level":"info","message":"http://002mwzt.nwsvr.com","timestamp":"2016-06-11T17:25:19.044Z"}
{"level":"info","message":"http://002mwzy.nwsvr.com","timestamp":"2016-06-11T17:25:19.106Z"}
{"level":"info","message":"http://002mxaa.nwsvr.com","timestamp":"2016-06-11T17:25:19.611Z"}
{"level":"info","message":"http://002mxax.nwsvr.com","timestamp":"2016-06-11T17:25:22.204Z"}
{"level":"info","message":"http://002mxbn.nwsvr.com","timestamp":"2016-06-11T17:25:23.828Z"}
{"level":"info","message":"http://002mxbr.nwsvr.com","timestamp":"2016-06-11T17:25:24.097Z"}
{"level":"info","message":"http://002mxcf.nwsvr.com","timestamp":"2016-06-11T17:25:25.466Z"}
{"level":"info","message":"http://002mxck.nwsvr.com","timestamp":"2016-06-11T17:25:26.475Z"}
{"level":"info","message":"http://002mxdd.nwsvr.com","timestamp":"2016-06-11T17:25:28.560Z"}
{"level":"info","message":"http://002mxea.nwsvr.com","timestamp":"2016-06-11T17:25:31.212Z"}
{"level":"info","message":"http://002mxdz.nwsvr.com","timestamp":"2016-06-11T17:25:31.485Z"}
{"level":"info","message":"http://002mxee.nwsvr.com","timestamp":"2016-06-11T17:25:31.774Z"}
{"level":"info","message":"http://002mxem.nwsvr.com","timestamp":"2016-06-11T17:25:33.010Z"}
{"level":"info","message":"http://002mxey.nwsvr.com","timestamp":"2016-06-11T17:25:33.658Z"}
{"level":"info","message":"http://002mxfi.nwsvr.com","timestamp":"2016-06-11T17:25:34.473Z"}
{"level":"info","message":"http://002mxfy.nwsvr.com","timestamp":"2016-06-11T17:25:35.218Z"}
{"level":"info","message":"http://002mxgo.nwsvr.com","timestamp":"2016-06-11T17:25:36.625Z"}
{"level":"info","message":"http://002mxhj.nwsvr.com","timestamp":"2016-06-11T17:25:37.677Z"}
{"level":"info","message":"http://002mxhk.nwsvr.com","timestamp":"2016-06-11T17:25:38.287Z"}
{"level":"info","message":"http://002mxhn.nwsvr.com","timestamp":"2016-06-11T17:25:38.399Z"}
{"level":"info","message":"http://002mxhz.nwsvr.com","timestamp":"2016-06-11T17:25:39.325Z"}
{"level":"info","message":"http://002mxif.nwsvr.com","timestamp":"2016-06-11T17:25:39.458Z"}
{"level":"info","message":"http://002mxic.nwsvr.com","timestamp":"2016-06-11T17:25:39.490Z"}
{"level":"info","message":"http://002mxjd.nwsvr.com","timestamp":"2016-06-11T17:25:40.977Z"}
{"level":"info","message":"http://002mxiy.nwsvr.com","timestamp":"2016-06-11T17:25:41.045Z"}
{"level":"info","message":"http://002mxkh.nwsvr.com","timestamp":"2016-06-11T17:25:42.953Z"}
{"level":"info","message":"http://002mxkp.nwsvr.com","timestamp":"2016-06-11T17:25:43.430Z"}
{"level":"info","message":"http://002mxlh.nwsvr.com","timestamp":"2016-06-11T17:25:44.368Z"}
{"level":"info","message":"http://002mxlt.nwsvr.com","timestamp":"2016-06-11T17:25:45.850Z"}
{"level":"info","message":"http://002mxlx.nwsvr.com","timestamp":"2016-06-11T17:25:46.388Z"}
{"level":"info","message":"http://002mxlr.nwsvr.com","timestamp":"2016-06-11T17:25:46.801Z"}
{"level":"info","message":"http://002mxmb.nwsvr.com","timestamp":"2016-06-11T17:25:46.806Z"}
{"level":"info","message":"http://002mxlv.nwsvr.com","timestamp":"2016-06-11T17:25:46.826Z"}
{"level":"info","message":"http://002mxmd.nwsvr.com","timestamp":"2016-06-11T17:25:47.013Z"}
{"level":"info","message":"http://002mxmh.nwsvr.com","timestamp":"2016-06-11T17:25:47.265Z"}
{"level":"info","message":"http://002mxme.nwsvr.com","timestamp":"2016-06-11T17:25:47.404Z"}
{"level":"info","message":"http://002mxna.nwsvr.com","timestamp":"2016-06-11T17:25:48.947Z"}
{"level":"info","message":"http://002mxoy.nwsvr.com","timestamp":"2016-06-11T17:25:52.298Z"}
{"level":"info","message":"http://002mxpb.nwsvr.com","timestamp":"2016-06-11T17:25:52.324Z"}
{"level":"info","message":"http://002mxph.nwsvr.com","timestamp":"2016-06-11T17:25:52.963Z"}
{"level":"info","message":"http://002mxpi.nwsvr.com","timestamp":"2016-06-11T17:25:53.217Z"}
{"level":"info","message":"http://002mxps.nwsvr.com","timestamp":"2016-06-11T17:25:53.628Z"}
{"level":"info","message":"http://002mxqh.nwsvr.com","timestamp":"2016-06-11T17:25:55.398Z"}
{"level":"info","message":"http://002mxtf.nwsvr.com","timestamp":"2016-06-11T17:26:01.069Z"}
{"level":"info","message":"http://002mxuj.nwsvr.com","timestamp":"2016-06-11T17:26:02.925Z"}
{"level":"info","message":"http://002mxwa.nwsvr.com","timestamp":"2016-06-11T17:26:06.135Z"}
{"level":"info","message":"http://002mxwb.nwsvr.com","timestamp":"2016-06-11T17:26:06.501Z"}
{"level":"info","message":"http://002mxwu.nwsvr.com","timestamp":"2016-06-11T17:26:07.050Z"}
{"level":"info","message":"http://002mxym.nwsvr.com","timestamp":"2016-06-11T17:26:10.162Z"}
{"level":"info","message":"http://002mxyt.nwsvr.com","timestamp":"2016-06-11T17:26:10.176Z"}
{"level":"info","message":"http://002mxyp.nwsvr.com","timestamp":"2016-06-11T17:26:10.259Z"}
{"level":"info","message":"http://002mxyv.nwsvr.com","timestamp":"2016-06-11T17:26:10.509Z"}
{"level":"info","message":"http://002mxzn.nwsvr.com","timestamp":"2016-06-11T17:26:11.518Z"}
{"level":"info","message":"http://002mycc.nwsvr.com","timestamp":"2016-06-11T17:26:15.303Z"}
{"level":"info","message":"http://002mycg.nwsvr.com","timestamp":"2016-06-11T17:26:15.874Z"}
{"level":"info","message":"http://002mydo.nwsvr.com","timestamp":"2016-06-11T17:26:18.441Z"}
{"level":"info","message":"http://002mydq.nwsvr.com","timestamp":"2016-06-11T17:26:18.705Z"}
{"level":"info","message":"http://002mydm.nwsvr.com","timestamp":"2016-06-11T17:26:18.719Z"}
{"level":"info","message":"http://002myec.nwsvr.com","timestamp":"2016-06-11T17:26:19.060Z"}
{"level":"info","message":"http://002myex.nwsvr.com","timestamp":"2016-06-11T17:26:21.017Z"}
{"level":"info","message":"http://002myey.nwsvr.com","timestamp":"2016-06-11T17:26:21.793Z"}
{"level":"info","message":"http://002myfe.nwsvr.com","timestamp":"2016-06-11T17:26:22.215Z"}
{"level":"info","message":"http://002myfx.nwsvr.com","timestamp":"2016-06-11T17:26:24.276Z"}
{"level":"info","message":"http://002mygt.nwsvr.com","timestamp":"2016-06-11T17:26:24.766Z"}
{"level":"info","message":"http://002mygx.nwsvr.com","timestamp":"2016-06-11T17:26:25.418Z"}
{"level":"info","message":"http://002myid.nwsvr.com","timestamp":"2016-06-11T17:26:27.117Z"}
{"level":"info","message":"http://002myih.nwsvr.com","timestamp":"2016-06-11T17:26:27.985Z"}
{"level":"info","message":"http://002myiz.nwsvr.com","timestamp":"2016-06-11T17:26:29.675Z"}
{"level":"info","message":"http://002myjc.nwsvr.com","timestamp":"2016-06-11T17:26:30.017Z"}
{"level":"info","message":"http://002myke.nwsvr.com","timestamp":"2016-06-11T17:26:33.082Z"}
{"level":"info","message":"http://002mykh.nwsvr.com","timestamp":"2016-06-11T17:26:33.681Z"}
{"level":"info","message":"http://002myko.nwsvr.com","timestamp":"2016-06-11T17:26:34.301Z"}
{"level":"info","message":"http://002mykt.nwsvr.com","timestamp":"2016-06-11T17:26:35.148Z"}
{"level":"info","message":"http://002myno.nwsvr.com","timestamp":"2016-06-11T17:26:42.522Z"}
{"level":"info","message":"http://002myns.nwsvr.com","timestamp":"2016-06-11T17:26:42.890Z"}
{"level":"info","message":"http://002mynn.nwsvr.com","timestamp":"2016-06-11T17:26:43.297Z"}
{"level":"info","message":"http://002myoc.nwsvr.com","timestamp":"2016-06-11T17:26:43.406Z"}
{"level":"info","message":"http://002myqa.nwsvr.com","timestamp":"2016-06-11T17:26:46.267Z"}
{"level":"info","message":"http://002myqs.nwsvr.com","timestamp":"2016-06-11T17:26:47.173Z"}
{"level":"info","message":"http://002myrf.nwsvr.com","timestamp":"2016-06-11T17:26:47.976Z"}
{"level":"info","message":"http://002myrq.nwsvr.com","timestamp":"2016-06-11T17:26:48.790Z"}
{"level":"info","message":"http://002myrw.nwsvr.com","timestamp":"2016-06-11T17:26:49.114Z"}
{"level":"info","message":"http://002mytj.nwsvr.com","timestamp":"2016-06-11T17:26:51.340Z"}
{"level":"info","message":"http://002mytp.nwsvr.com","timestamp":"2016-06-11T17:26:51.574Z"}
{"level":"info","message":"http://002mytu.nwsvr.com","timestamp":"2016-06-11T17:26:51.746Z"}
{"level":"info","message":"http://002myub.nwsvr.com","timestamp":"2016-06-11T17:26:52.199Z"}
{"level":"info","message":"http://002myts.nwsvr.com","timestamp":"2016-06-11T17:26:52.345Z"}
{"level":"info","message":"http://002myvs.nwsvr.com","timestamp":"2016-06-11T17:26:55.426Z"}
{"level":"info","message":"http://002myvt.nwsvr.com","timestamp":"2016-06-11T17:26:55.743Z"}
{"level":"info","message":"http://002mywu.nwsvr.com","timestamp":"2016-06-11T17:26:57.637Z"}
{"level":"info","message":"http://002myyi.nwsvr.com","timestamp":"2016-06-11T17:27:01.068Z"}
{"level":"info","message":"http://002myyo.nwsvr.com","timestamp":"2016-06-11T17:27:01.893Z"}
{"level":"info","message":"http://002myzy.nwsvr.com","timestamp":"2016-06-11T17:27:05.050Z"}
{"level":"info","message":"http://002mzaa.nwsvr.com","timestamp":"2016-06-11T17:27:05.590Z"}
{"level":"info","message":"http://002mzad.nwsvr.com","timestamp":"2016-06-11T17:27:05.766Z"}
{"level":"info","message":"http://002mzaq.nwsvr.com","timestamp":"2016-06-11T17:27:07.426Z"}
{"level":"info","message":"http://002mzcv.nwsvr.com","timestamp":"2016-06-11T17:27:12.091Z"}
{"level":"info","message":"http://002mzgf.nwsvr.com","timestamp":"2016-06-11T17:27:20.112Z"}
{"level":"info","message":"http://002mzhg.nwsvr.com","timestamp":"2016-06-11T17:27:21.868Z"}
{"level":"info","message":"http://002mzri.nwsvr.com","timestamp":"2016-06-11T17:27:41.576Z"}
{"level":"info","message":"http://002mzrs.nwsvr.com","timestamp":"2016-06-11T17:27:43.124Z"}
{"level":"info","message":"http://002mzrt.nwsvr.com","timestamp":"2016-06-11T17:27:43.618Z"}
{"level":"info","message":"http://002mzrr.nwsvr.com","timestamp":"2016-06-11T17:27:43.935Z"}
{"level":"info","message":"http://002mzsd.nwsvr.com","timestamp":"2016-06-11T17:27:44.672Z"}
{"level":"info","message":"http://002mzsm.nwsvr.com","timestamp":"2016-06-11T17:27:46.410Z"}
{"level":"info","message":"http://002mzsu.nwsvr.com","timestamp":"2016-06-11T17:27:47.127Z"}
{"level":"info","message":"http://002mztl.nwsvr.com","timestamp":"2016-06-11T17:27:48.730Z"}
{"level":"info","message":"http://002mztr.nwsvr.com","timestamp":"2016-06-11T17:27:49.277Z"}
{"level":"info","message":"http://002mzts.nwsvr.com","timestamp":"2016-06-11T17:27:49.553Z"}
{"level":"info","message":"http://002mztw.nwsvr.com","timestamp":"2016-06-11T17:27:49.745Z"}
{"level":"info","message":"http://002mzuc.nwsvr.com","timestamp":"2016-06-11T17:27:50.101Z"}
{"level":"info","message":"http://002mzxn.nwsvr.com","timestamp":"2016-06-11T17:27:59.432Z"}
{"level":"info","message":"http://002mzxk.nwsvr.com","timestamp":"2016-06-11T17:27:59.808Z"}
{"level":"info","message":"http://002mzxl.nwsvr.com","timestamp":"2016-06-11T17:27:59.881Z"}
{"level":"info","message":"http://002mzxo.nwsvr.com","timestamp":"2016-06-11T17:28:00.388Z"}
{"level":"info","message":"http://002offt.nwsvr.com","timestamp":"2016-06-12T05:13:37.510Z"}
{"level":"info","message":"http://002offy.nwsvr.com","timestamp":"2016-06-12T05:13:37.951Z"}
{"level":"info","message":"http://002ofgt.nwsvr.com","timestamp":"2016-06-12T05:13:40.331Z"}
{"level":"info","message":"http://002ofhb.nwsvr.com","timestamp":"2016-06-12T05:13:41.244Z"}
{"level":"info","message":"http://002ofjq.nwsvr.com","timestamp":"2016-06-12T05:13:48.545Z"}
{"level":"info","message":"http://002ofjy.nwsvr.com","timestamp":"2016-06-12T05:13:49.493Z"}
{"level":"info","message":"http://002ofkj.nwsvr.com","timestamp":"2016-06-12T05:13:50.482Z"}
{"level":"info","message":"http://002ofkp.nwsvr.com","timestamp":"2016-06-12T05:13:50.973Z"}
{"level":"info","message":"http://002ofmg.nwsvr.com","timestamp":"2016-06-12T05:13:56.156Z"}
{"level":"info","message":"http://002ofnd.nwsvr.com","timestamp":"2016-06-12T05:13:58.624Z"}
{"level":"info","message":"http://002ofnq.nwsvr.com","timestamp":"2016-06-12T05:13:59.695Z"}
{"level":"info","message":"http://002ofoj.nwsvr.com","timestamp":"2016-06-12T05:14:02.586Z"}
{"level":"info","message":"http://002ofpi.nwsvr.com","timestamp":"2016-06-12T05:14:04.502Z"}
{"level":"info","message":"http://002ofpe.nwsvr.com","timestamp":"2016-06-12T05:14:05.316Z"}
{"level":"info","message":"http://002ofpr.nwsvr.com","timestamp":"2016-06-12T05:14:05.448Z"}
{"level":"info","message":"http://002ofqo.nwsvr.com","timestamp":"2016-06-12T05:14:07.826Z"}
{"level":"info","message":"http://002ofqv.nwsvr.com","timestamp":"2016-06-12T05:14:07.861Z"}
{"level":"info","message":"http://002ofre.nwsvr.com","timestamp":"2016-06-12T05:14:08.709Z"}
{"level":"info","message":"http://002ofsl.nwsvr.com","timestamp":"2016-06-12T05:14:12.187Z"}
{"level":"info","message":"http://002oftm.nwsvr.com","timestamp":"2016-06-12T05:14:13.988Z"}
{"level":"info","message":"http://002ofui.nwsvr.com","timestamp":"2016-06-12T05:14:15.521Z"}
{"level":"info","message":"http://002ofwc.nwsvr.com","timestamp":"2016-06-12T05:14:20.466Z"}
{"level":"info","message":"http://002onrk.nwsvr.com","timestamp":"2016-06-12T05:20:08.420Z"}
{"level":"info","message":"http://002onta.nwsvr.com","timestamp":"2016-06-12T05:20:11.695Z"}
{"level":"info","message":"http://002ontc.nwsvr.com","timestamp":"2016-06-12T05:20:11.826Z"}
{"level":"info","message":"http://002onui.nwsvr.com","timestamp":"2016-06-12T05:20:13.414Z"}
{"level":"info","message":"http://002onxd.nwsvr.com","timestamp":"2016-06-12T05:20:18.023Z"}
{"level":"info","message":"http://002oppg.nwsvr.com","timestamp":"2016-06-12T05:21:45.192Z"}
{"level":"info","message":"http://002opsd.nwsvr.com","timestamp":"2016-06-12T05:21:49.983Z"}
{"level":"info","message":"http://002oqow.nwsvr.com","timestamp":"2016-06-12T05:22:31.556Z"}
{"level":"info","message":"http://002ormj.nwsvr.com","timestamp":"2016-06-12T05:23:10.629Z"}
{"level":"info","message":"http://002orms.nwsvr.com","timestamp":"2016-06-12T05:23:11.303Z"}
{"level":"info","message":"http://002ornj.nwsvr.com","timestamp":"2016-06-12T05:23:12.037Z"}
{"level":"info","message":"http://002ornp.nwsvr.com","timestamp":"2016-06-12T05:23:12.627Z"}
{"level":"info","message":"http://002orpm.nwsvr.com","timestamp":"2016-06-12T05:23:15.859Z"}
{"level":"info","message":"http://002orpr.nwsvr.com","timestamp":"2016-06-12T05:23:16.273Z"}
{"level":"info","message":"http://002orqm.nwsvr.com","timestamp":"2016-06-12T05:23:17.681Z"}
{"level":"info","message":"http://002orsm.nwsvr.com","timestamp":"2016-06-12T05:23:20.807Z"}
{"level":"info","message":"http://002oruq.nwsvr.com","timestamp":"2016-06-12T05:23:24.024Z"}
{"level":"info","message":"http://002orup.nwsvr.com","timestamp":"2016-06-12T05:23:24.047Z"}
{"level":"info","message":"http://002orve.nwsvr.com","timestamp":"2016-06-12T05:23:25.124Z"}
{"level":"info","message":"http://002orvq.nwsvr.com","timestamp":"2016-06-12T05:23:26.642Z"}
{"level":"info","message":"http://002orvr.nwsvr.com","timestamp":"2016-06-12T05:23:26.895Z"}
{"level":"info","message":"http://002qiua.nwsvr.com","timestamp":"2016-06-12T15:35:23.267Z"}
{"level":"info","message":"http://002qiuw.nwsvr.com","timestamp":"2016-06-12T15:35:24.755Z"}
{"level":"info","message":"http://002qkgh.nwsvr.com","timestamp":"2016-06-12T15:36:22.166Z"}
{"level":"info","message":"http://002qkge.nwsvr.com","timestamp":"2016-06-12T15:36:22.178Z"}
{"level":"info","message":"http://002qlar.nwsvr.com","timestamp":"2016-06-12T15:36:54.239Z"}
{"level":"info","message":"http://002qlda.nwsvr.com","timestamp":"2016-06-12T15:36:57.587Z"}
{"level":"info","message":"http://002qley.nwsvr.com","timestamp":"2016-06-12T15:37:00.330Z"}
{"level":"info","message":"http://002qlfk.nwsvr.com","timestamp":"2016-06-12T15:37:00.933Z"}
{"level":"info","message":"http://002qlec.nwsvr.com","timestamp":"2016-06-12T15:37:01.855Z"}
{"level":"info","message":"http://002qlgk.nwsvr.com","timestamp":"2016-06-12T15:37:03.207Z"}
{"level":"info","message":"http://002qlgv.nwsvr.com","timestamp":"2016-06-12T15:37:04.008Z"}
{"level":"info","message":"http://002qlhq.nwsvr.com","timestamp":"2016-06-12T15:37:05.844Z"}
{"level":"info","message":"http://002qlhx.nwsvr.com","timestamp":"2016-06-12T15:37:06.242Z"}
{"level":"info","message":"http://002qliw.nwsvr.com","timestamp":"2016-06-12T15:37:07.184Z"}
{"level":"info","message":"http://002qljd.nwsvr.com","timestamp":"2016-06-12T15:37:07.459Z"}
{"level":"info","message":"http://002qlkg.nwsvr.com","timestamp":"2016-06-12T15:37:08.801Z"}
{"level":"info","message":"http://002qlkh.nwsvr.com","timestamp":"2016-06-12T15:37:08.823Z"}
{"level":"info","message":"http://002qlkl.nwsvr.com","timestamp":"2016-06-12T15:37:08.987Z"}
{"level":"info","message":"http://002qlkn.nwsvr.com","timestamp":"2016-06-12T15:37:09.013Z"}
{"level":"info","message":"http://002qlko.nwsvr.com","timestamp":"2016-06-12T15:37:09.317Z"}
{"level":"info","message":"http://002qlku.nwsvr.com","timestamp":"2016-06-12T15:37:09.356Z"}
{"level":"info","message":"http://002qlmu.nwsvr.com","timestamp":"2016-06-12T15:37:11.570Z"}
{"level":"info","message":"http://002qlmw.nwsvr.com","timestamp":"2016-06-12T15:37:11.758Z"}
{"level":"info","message":"http://002qlnc.nwsvr.com","timestamp":"2016-06-12T15:37:12.499Z"}
{"level":"info","message":"http://002qlnd.nwsvr.com","timestamp":"2016-06-12T15:37:12.547Z"}
{"level":"info","message":"http://002qlnk.nwsvr.com","timestamp":"2016-06-12T15:37:13.103Z"}
{"level":"info","message":"http://002qlod.nwsvr.com","timestamp":"2016-06-12T15:37:14.491Z"}
{"level":"info","message":"http://002qlsk.nwsvr.com","timestamp":"2016-06-12T15:37:20.503Z"}
{"level":"info","message":"http://002qltq.nwsvr.com","timestamp":"2016-06-12T15:37:22.528Z"}
{"level":"info","message":"http://002qlty.nwsvr.com","timestamp":"2016-06-12T15:37:22.881Z"}
{"level":"info","message":"http://002qlux.nwsvr.com","timestamp":"2016-06-12T15:37:24.022Z"}
{"level":"info","message":"http://002qlva.nwsvr.com","timestamp":"2016-06-12T15:37:24.211Z"}
{"level":"info","message":"http://002qlvw.nwsvr.com","timestamp":"2016-06-12T15:37:25.141Z"}
{"level":"info","message":"http://002qlxs.nwsvr.com","timestamp":"2016-06-12T15:37:30.877Z"}
{"level":"info","message":"http://002qlzo.nwsvr.com","timestamp":"2016-06-12T15:37:32.139Z"}
{"level":"info","message":"http://002qlzu.nwsvr.com","timestamp":"2016-06-12T15:37:32.493Z"}
{"level":"info","message":"http://002qmbc.nwsvr.com","timestamp":"2016-06-12T15:37:34.037Z"}
{"level":"info","message":"http://002qmci.nwsvr.com","timestamp":"2016-06-12T15:37:36.964Z"}
{"level":"info","message":"http://002qmeb.nwsvr.com","timestamp":"2016-06-12T15:37:39.837Z"}
{"level":"info","message":"http://002qmec.nwsvr.com","timestamp":"2016-06-12T15:37:39.871Z"}
{"level":"info","message":"http://002qmew.nwsvr.com","timestamp":"2016-06-12T15:37:40.709Z"}
{"level":"info","message":"http://002qmgd.nwsvr.com","timestamp":"2016-06-12T15:37:43.233Z"}
{"level":"info","message":"http://002qmhh.nwsvr.com","timestamp":"2016-06-12T15:37:45.553Z"}
{"level":"info","message":"http://002qmhy.nwsvr.com","timestamp":"2016-06-12T15:37:46.428Z"}
{"level":"info","message":"http://002qmif.nwsvr.com","timestamp":"2016-06-12T15:37:46.747Z"}
{"level":"info","message":"http://002qmig.nwsvr.com","timestamp":"2016-06-12T15:37:46.806Z"}
{"level":"info","message":"http://002qmil.nwsvr.com","timestamp":"2016-06-12T15:37:46.964Z"}
{"level":"info","message":"http://002qmin.nwsvr.com","timestamp":"2016-06-12T15:37:46.968Z"}
{"level":"info","message":"http://002qmjc.nwsvr.com","timestamp":"2016-06-12T15:37:47.528Z"}
{"level":"info","message":"http://002qmjg.nwsvr.com","timestamp":"2016-06-12T15:37:47.819Z"}
{"level":"info","message":"http://002qmij.nwsvr.com","timestamp":"2016-06-12T15:37:47.828Z"}
{"level":"info","message":"http://002qmjo.nwsvr.com","timestamp":"2016-06-12T15:37:48.223Z"}
{"level":"info","message":"http://002qnce.nwsvr.com","timestamp":"2016-06-12T15:38:15.077Z"}
{"level":"info","message":"http://002qnci.nwsvr.com","timestamp":"2016-06-12T15:38:15.312Z"}
{"level":"info","message":"http://002qpxc.nwsvr.com","timestamp":"2016-06-12T15:40:09.477Z"}
{"level":"info","message":"http://002qslj.nwsvr.com","timestamp":"2016-06-12T15:41:50.025Z"}
{"level":"info","message":"http://002qsll.nwsvr.com","timestamp":"2016-06-12T15:41:50.131Z"}
{"level":"info","message":"http://002qsls.nwsvr.com","timestamp":"2016-06-12T15:41:50.453Z"}
{"level":"info","message":"http://002qtky.nwsvr.com","timestamp":"2016-06-12T15:42:35.440Z"}
{"level":"info","message":"http://002quuj.nwsvr.com","timestamp":"2016-06-12T15:43:29.960Z"}
{"level":"info","message":"http://002sage.nwsvr.com","timestamp":"2016-06-12T16:35:12.564Z"}
{"level":"info","message":"http://002shan.nwsvr.com","timestamp":"2016-06-12T16:40:34.429Z"}
{"level":"info","message":"http://002sicd.nwsvr.com","timestamp":"2016-06-12T16:41:17.432Z"}
{"level":"info","message":"http://002slof.nwsvr.com","timestamp":"2016-06-12T16:43:35.839Z"}
{"level":"info","message":"http://002sloj.nwsvr.com","timestamp":"2016-06-12T16:43:35.964Z"}
{"level":"info","message":"http://002slov.nwsvr.com","timestamp":"2016-06-12T16:43:36.573Z"}
{"level":"info","message":"http://002slqi.nwsvr.com","timestamp":"2016-06-12T16:43:39.419Z"}
{"level":"info","message":"http://002slsl.nwsvr.com","timestamp":"2016-06-12T16:43:41.845Z"}
{"level":"info","message":"http://002slta.nwsvr.com","timestamp":"2016-06-12T16:43:42.684Z"}
{"level":"info","message":"http://002slub.nwsvr.com","timestamp":"2016-06-12T16:43:43.961Z"}
{"level":"info","message":"http://002slvb.nwsvr.com","timestamp":"2016-06-12T16:43:45.138Z"}
{"level":"info","message":"http://002slwa.nwsvr.com","timestamp":"2016-06-12T16:43:46.217Z"}
{"level":"info","message":"http://002slxc.nwsvr.com","timestamp":"2016-06-12T16:43:47.579Z"}
{"level":"info","message":"http://002slxs.nwsvr.com","timestamp":"2016-06-12T16:43:48.898Z"}
{"level":"info","message":"http://002slzb.nwsvr.com","timestamp":"2016-06-12T16:43:50.458Z"}
{"level":"info","message":"http://002slze.nwsvr.com","timestamp":"2016-06-12T16:43:50.569Z"}
{"level":"info","message":"http://002slzm.nwsvr.com","timestamp":"2016-06-12T16:43:50.906Z"}
{"level":"info","message":"http://002slzn.nwsvr.com","timestamp":"2016-06-12T16:43:50.959Z"}
{"level":"info","message":"http://002smah.nwsvr.com","timestamp":"2016-06-12T16:43:52.108Z"}
{"level":"info","message":"http://002smcs.nwsvr.com","timestamp":"2016-06-12T16:43:56.267Z"}
{"level":"info","message":"http://002smdn.nwsvr.com","timestamp":"2016-06-12T16:43:58.277Z"}
{"level":"info","message":"http://002smfm.nwsvr.com","timestamp":"2016-06-12T16:44:01.910Z"}
{"level":"info","message":"http://002smqi.nwsvr.com","timestamp":"2016-06-12T16:44:19.747Z"}
{"level":"info","message":"http://002snmj.nwsvr.com","timestamp":"2016-06-12T16:44:59.919Z"}
{"level":"info","message":"http://002sodl.nwsvr.com","timestamp":"2016-06-12T16:45:29.512Z"}
{"level":"info","message":"http://002sofg.nwsvr.com","timestamp":"2016-06-12T16:45:32.197Z"}
{"level":"info","message":"http://002sohc.nwsvr.com","timestamp":"2016-06-12T16:45:34.553Z"}
{"level":"info","message":"http://002sohn.nwsvr.com","timestamp":"2016-06-12T16:45:35.535Z"}
{"level":"info","message":"http://002soiu.nwsvr.com","timestamp":"2016-06-12T16:45:38.976Z"}
{"level":"info","message":"http://002sojc.nwsvr.com","timestamp":"2016-06-12T16:45:39.476Z"}
{"level":"info","message":"http://002svbu.nwsvr.com","timestamp":"2016-06-12T16:50:51.002Z"}
{"level":"info","message":"http://002svfq.nwsvr.com","timestamp":"2016-06-12T16:50:58.618Z"}
{"level":"info","message":"http://002svhw.nwsvr.com","timestamp":"2016-06-12T16:51:02.681Z"}
{"level":"info","message":"http://002svio.nwsvr.com","timestamp":"2016-06-12T16:51:03.695Z"}
{"level":"info","message":"http://002sviz.nwsvr.com","timestamp":"2016-06-12T16:51:04.190Z"}
{"level":"info","message":"http://002svjy.nwsvr.com","timestamp":"2016-06-12T16:51:05.919Z"}
{"level":"info","message":"http://002svke.nwsvr.com","timestamp":"2016-06-12T16:51:06.377Z"}
{"level":"info","message":"http://002svkl.nwsvr.com","timestamp":"2016-06-12T16:51:06.777Z"}
{"level":"info","message":"http://002svkn.nwsvr.com","timestamp":"2016-06-12T16:51:06.855Z"}
{"level":"info","message":"http://002svkp.nwsvr.com","timestamp":"2016-06-12T16:51:06.977Z"}
{"level":"info","message":"http://002svks.nwsvr.com","timestamp":"2016-06-12T16:51:07.100Z"}
{"level":"info","message":"http://002svkr.nwsvr.com","timestamp":"2016-06-12T16:51:07.333Z"}
{"level":"info","message":"http://002svli.nwsvr.com","timestamp":"2016-06-12T16:51:08.219Z"}
{"level":"info","message":"http://002svlz.nwsvr.com","timestamp":"2016-06-12T16:51:09.899Z"}
{"level":"info","message":"http://002svmt.nwsvr.com","timestamp":"2016-06-12T16:51:10.898Z"}
{"level":"info","message":"http://002svnh.nwsvr.com","timestamp":"2016-06-12T16:51:12.019Z"}
{"level":"info","message":"http://002svnq.nwsvr.com","timestamp":"2016-06-12T16:51:12.411Z"}
{"level":"info","message":"http://002svot.nwsvr.com","timestamp":"2016-06-12T16:51:14.943Z"}
{"level":"info","message":"http://002svpx.nwsvr.com","timestamp":"2016-06-12T16:51:15.943Z"}
{"level":"info","message":"http://002svqq.nwsvr.com","timestamp":"2016-06-12T16:51:16.773Z"}
{"level":"info","message":"http://002svqw.nwsvr.com","timestamp":"2016-06-12T16:51:17.216Z"}
{"level":"info","message":"http://002svre.nwsvr.com","timestamp":"2016-06-12T16:51:18.259Z"}
{"level":"info","message":"http://002svrj.nwsvr.com","timestamp":"2016-06-12T16:51:18.354Z"}
{"level":"info","message":"http://002svrf.nwsvr.com","timestamp":"2016-06-12T16:51:19.547Z"}
{"level":"info","message":"http://002svsy.nwsvr.com","timestamp":"2016-06-12T16:51:20.966Z"}
{"level":"info","message":"http://002svtl.nwsvr.com","timestamp":"2016-06-12T16:51:21.878Z"}
{"level":"info","message":"http://002svvc.nwsvr.com","timestamp":"2016-06-12T16:51:24.917Z"}
{"level":"info","message":"http://002svvh.nwsvr.com","timestamp":"2016-06-12T16:51:25.284Z"}
{"level":"info","message":"http://002svvm.nwsvr.com","timestamp":"2016-06-12T16:51:25.508Z"}
{"level":"info","message":"http://002svwa.nwsvr.com","timestamp":"2016-06-12T16:51:26.197Z"}
{"level":"info","message":"http://002svww.nwsvr.com","timestamp":"2016-06-12T16:51:27.774Z"}
{"level":"info","message":"http://002tbiv.nwsvr.com","timestamp":"2016-06-13T14:09:09.171Z"}
{"level":"info","message":"http://002tcjh.nwsvr.com","timestamp":"2016-06-13T14:11:32.032Z"}
{"level":"info","message":"http://002tpvc.nwsvr.com","timestamp":"2016-06-13T14:41:40.610Z"}
{"level":"info","message":"http://002tpvi.nwsvr.com","timestamp":"2016-06-13T14:41:41.386Z"}
{"level":"info","message":"http://002twen.nwsvr.com","timestamp":"2016-06-13T14:56:28.611Z"}
{"level":"info","message":"http://002twez.nwsvr.com","timestamp":"2016-06-13T14:56:30.032Z"}
{"level":"info","message":"http://002twgt.nwsvr.com","timestamp":"2016-06-13T14:56:41.898Z"}
{"level":"info","message":"http://002twhj.nwsvr.com","timestamp":"2016-06-13T14:56:45.400Z"}
{"level":"info","message":"http://002twht.nwsvr.com","timestamp":"2016-06-13T14:56:46.884Z"}
{"level":"info","message":"http://002twio.nwsvr.com","timestamp":"2016-06-13T14:56:49.238Z"}
{"level":"info","message":"http://002twiv.nwsvr.com","timestamp":"2016-06-13T14:56:49.938Z"}
{"level":"info","message":"http://002twiw.nwsvr.com","timestamp":"2016-06-13T14:56:50.611Z"}
{"level":"info","message":"http://002twjw.nwsvr.com","timestamp":"2016-06-13T14:56:57.331Z"}
{"level":"info","message":"http://002twko.nwsvr.com","timestamp":"2016-06-13T14:57:03.014Z"}
{"level":"info","message":"http://002twlh.nwsvr.com","timestamp":"2016-06-13T14:57:05.265Z"}
{"level":"info","message":"http://002twmy.nwsvr.com","timestamp":"2016-06-13T14:57:13.839Z"}
{"level":"info","message":"http://002twnc.nwsvr.com","timestamp":"2016-06-13T14:57:14.158Z"}
{"level":"info","message":"http://002twnh.nwsvr.com","timestamp":"2016-06-13T14:57:14.929Z"}
{"level":"info","message":"http://002twoc.nwsvr.com","timestamp":"2016-06-13T14:57:21.267Z"}
{"level":"info","message":"http://002twog.nwsvr.com","timestamp":"2016-06-13T14:57:21.505Z"}
{"level":"info","message":"http://002twok.nwsvr.com","timestamp":"2016-06-13T14:57:22.401Z"}
{"level":"info","message":"http://002twoj.nwsvr.com","timestamp":"2016-06-13T14:57:22.641Z"}
{"level":"info","message":"http://002twqe.nwsvr.com","timestamp":"2016-06-13T14:57:31.299Z"}
{"level":"info","message":"http://002twqh.nwsvr.com","timestamp":"2016-06-13T14:57:31.946Z"}
{"level":"info","message":"http://002twqm.nwsvr.com","timestamp":"2016-06-13T14:57:33.302Z"}
{"level":"info","message":"http://002twrl.nwsvr.com","timestamp":"2016-06-13T14:57:40.519Z"}
{"level":"info","message":"http://002twrq.nwsvr.com","timestamp":"2016-06-13T14:57:42.141Z"}
{"level":"info","message":"http://002twso.nwsvr.com","timestamp":"2016-06-13T14:57:46.939Z"}
{"level":"info","message":"http://002twsu.nwsvr.com","timestamp":"2016-06-13T14:57:48.602Z"}
{"level":"info","message":"http://002twsz.nwsvr.com","timestamp":"2016-06-13T14:57:49.694Z"}
{"level":"info","message":"http://002twtj.nwsvr.com","timestamp":"2016-06-13T14:57:51.315Z"}
{"level":"info","message":"http://002twtq.nwsvr.com","timestamp":"2016-06-13T14:57:53.298Z"}
{"level":"info","message":"http://002twuj.nwsvr.com","timestamp":"2016-06-13T14:57:57.884Z"}
{"level":"info","message":"http://002twvu.nwsvr.com","timestamp":"2016-06-13T14:58:08.183Z"}
{"level":"info","message":"http://002twvr.nwsvr.com","timestamp":"2016-06-13T14:58:10.843Z"}
{"level":"info","message":"http://002twvx.nwsvr.com","timestamp":"2016-06-13T14:58:12.006Z"}
{"level":"info","message":"http://002twwf.nwsvr.com","timestamp":"2016-06-13T14:58:12.127Z"}
{"level":"info","message":"http://002twwi.nwsvr.com","timestamp":"2016-06-13T14:58:12.389Z"}
{"level":"info","message":"http://002twwj.nwsvr.com","timestamp":"2016-06-13T14:58:13.107Z"}
{"level":"info","message":"http://002twxe.nwsvr.com","timestamp":"2016-06-13T14:58:16.207Z"}
{"level":"info","message":"http://002twxp.nwsvr.com","timestamp":"2016-06-13T14:58:18.118Z"}
{"level":"info","message":"http://002twzk.nwsvr.com","timestamp":"2016-06-13T14:58:25.890Z"}
{"level":"info","message":"http://002twyy.nwsvr.com","timestamp":"2016-06-13T14:58:26.163Z"}
{"level":"info","message":"http://002twzs.nwsvr.com","timestamp":"2016-06-13T14:58:28.024Z"}
{"level":"info","message":"http://002twzv.nwsvr.com","timestamp":"2016-06-13T14:58:28.991Z"}
{"level":"info","message":"http://002txbh.nwsvr.com","timestamp":"2016-06-13T14:58:34.720Z"}
{"level":"info","message":"http://002txbp.nwsvr.com","timestamp":"2016-06-13T14:58:36.634Z"}
{"level":"info","message":"http://002txbx.nwsvr.com","timestamp":"2016-06-13T14:58:37.337Z"}
{"level":"info","message":"http://002txbz.nwsvr.com","timestamp":"2016-06-13T14:58:37.437Z"}
{"level":"info","message":"http://002txci.nwsvr.com","timestamp":"2016-06-13T14:58:38.836Z"}
{"level":"info","message":"http://002txct.nwsvr.com","timestamp":"2016-06-13T14:58:42.390Z"}
{"level":"info","message":"http://002txdl.nwsvr.com","timestamp":"2016-06-13T14:58:42.696Z"}
{"level":"info","message":"http://002txei.nwsvr.com","timestamp":"2016-06-13T14:58:47.121Z"}
{"level":"info","message":"http://002txbm.nwsvr.com","timestamp":"2016-06-13T14:58:47.381Z"}
{"level":"info","message":"http://002txez.nwsvr.com","timestamp":"2016-06-13T14:58:49.353Z"}
{"level":"info","message":"http://002txgk.nwsvr.com","timestamp":"2016-06-13T14:58:54.414Z"}
{"level":"info","message":"http://002txhf.nwsvr.com","timestamp":"2016-06-13T14:58:57.570Z"}
{"level":"info","message":"http://002txie.nwsvr.com","timestamp":"2016-06-13T14:59:01.675Z"}
{"level":"info","message":"http://002txiu.nwsvr.com","timestamp":"2016-06-13T14:59:04.180Z"}
{"level":"info","message":"http://002txiv.nwsvr.com","timestamp":"2016-06-13T14:59:04.354Z"}
{"level":"info","message":"http://002tzkq.nwsvr.com","timestamp":"2016-06-13T15:02:43.792Z"}
{"level":"info","message":"http://002ugma.nwsvr.com","timestamp":"2016-06-13T15:16:28.755Z"}
{"level":"info","message":"http://002ujgl.nwsvr.com","timestamp":"2016-06-13T15:21:47.710Z"}
{"level":"info","message":"http://002ujha.nwsvr.com","timestamp":"2016-06-13T15:21:48.066Z"}
{"level":"info","message":"http://002ujgw.nwsvr.com","timestamp":"2016-06-13T15:21:48.297Z"}
{"level":"info","message":"http://002ujkr.nwsvr.com","timestamp":"2016-06-13T15:21:53.699Z"}
{"level":"info","message":"http://002ujli.nwsvr.com","timestamp":"2016-06-13T15:21:54.955Z"}
{"level":"info","message":"http://002ujmw.nwsvr.com","timestamp":"2016-06-13T15:21:57.281Z"}
{"level":"info","message":"http://002ujnq.nwsvr.com","timestamp":"2016-06-13T15:21:58.216Z"}
{"level":"info","message":"http://002ujns.nwsvr.com","timestamp":"2016-06-13T15:21:58.340Z"}
{"level":"info","message":"http://002ujpe.nwsvr.com","timestamp":"2016-06-13T15:21:59.991Z"}
{"level":"info","message":"http://002ujpx.nwsvr.com","timestamp":"2016-06-13T15:22:01.365Z"}
{"level":"info","message":"http://002ujrp.nwsvr.com","timestamp":"2016-06-13T15:22:03.545Z"}
{"level":"info","message":"http://002ujrr.nwsvr.com","timestamp":"2016-06-13T15:22:03.547Z"}
{"level":"info","message":"http://002ujsf.nwsvr.com","timestamp":"2016-06-13T15:22:05.225Z"}
{"level":"info","message":"http://002ujsi.nwsvr.com","timestamp":"2016-06-13T15:22:05.432Z"}
{"level":"info","message":"http://002ujsp.nwsvr.com","timestamp":"2016-06-13T15:22:06.589Z"}
{"level":"info","message":"http://002ujtc.nwsvr.com","timestamp":"2016-06-13T15:22:07.762Z"}
{"level":"info","message":"http://002ujtp.nwsvr.com","timestamp":"2016-06-13T15:22:09.360Z"}
{"level":"info","message":"http://002ujuc.nwsvr.com","timestamp":"2016-06-13T15:22:09.822Z"}
{"level":"info","message":"http://002ujuo.nwsvr.com","timestamp":"2016-06-13T15:22:10.619Z"}
{"level":"info","message":"http://002ujva.nwsvr.com","timestamp":"2016-06-13T15:22:11.517Z"}
{"level":"info","message":"http://002ujuz.nwsvr.com","timestamp":"2016-06-13T15:22:11.928Z"}
{"level":"info","message":"http://002ujwk.nwsvr.com","timestamp":"2016-06-13T15:22:13.436Z"}
{"level":"info","message":"http://002ujwl.nwsvr.com","timestamp":"2016-06-13T15:22:13.576Z"}
{"level":"info","message":"http://002ujwx.nwsvr.com","timestamp":"2016-06-13T15:22:14.009Z"}
{"level":"info","message":"http://002urms.nwsvr.com","timestamp":"2016-06-13T15:30:26.880Z"}
{"level":"info","message":"http://002usda.nwsvr.com","timestamp":"2016-06-13T15:30:55.285Z"}
{"level":"info","message":"http://002usdo.nwsvr.com","timestamp":"2016-06-13T15:30:55.783Z"}
{"level":"info","message":"http://002vciu.nwsvr.com","timestamp":"2016-06-13T16:07:07.257Z"}
{"level":"info","message":"http://002vcjj.nwsvr.com","timestamp":"2016-06-13T16:07:09.033Z"}
{"level":"info","message":"http://002vcsi.nwsvr.com","timestamp":"2016-06-13T16:07:35.813Z"}
{"level":"info","message":"http://002vcsk.nwsvr.com","timestamp":"2016-06-13T16:07:36.081Z"}
{"level":"info","message":"http://002vctz.nwsvr.com","timestamp":"2016-06-13T16:07:41.559Z"}
{"level":"info","message":"http://002vcvk.nwsvr.com","timestamp":"2016-06-13T16:07:44.841Z"}
{"level":"info","message":"http://002vcwq.nwsvr.com","timestamp":"2016-06-13T16:07:48.316Z"}
{"level":"info","message":"http://002vcwv.nwsvr.com","timestamp":"2016-06-13T16:07:48.674Z"}
{"level":"info","message":"http://002vcye.nwsvr.com","timestamp":"2016-06-13T16:07:52.622Z"}
{"level":"info","message":"http://002vcyj.nwsvr.com","timestamp":"2016-06-13T16:07:53.092Z"}
{"level":"info","message":"http://002vcyz.nwsvr.com","timestamp":"2016-06-13T16:07:54.756Z"}
{"level":"info","message":"http://002vczv.nwsvr.com","timestamp":"2016-06-13T16:07:57.080Z"}
{"level":"info","message":"http://002vdae.nwsvr.com","timestamp":"2016-06-13T16:07:58.074Z"}
{"level":"info","message":"http://002vdam.nwsvr.com","timestamp":"2016-06-13T16:07:59.059Z"}
{"level":"info","message":"http://002vdcb.nwsvr.com","timestamp":"2016-06-13T16:08:03.062Z"}
{"level":"info","message":"http://002vdco.nwsvr.com","timestamp":"2016-06-13T16:08:04.868Z"}
{"level":"info","message":"http://002vdcv.nwsvr.com","timestamp":"2016-06-13T16:08:05.479Z"}
{"level":"info","message":"http://002vdff.nwsvr.com","timestamp":"2016-06-13T16:08:12.047Z"}
{"level":"info","message":"http://002vdfr.nwsvr.com","timestamp":"2016-06-13T16:08:12.996Z"}
{"level":"info","message":"http://002vdgl.nwsvr.com","timestamp":"2016-06-13T16:08:16.138Z"}
{"level":"info","message":"http://002vdgu.nwsvr.com","timestamp":"2016-06-13T16:08:17.296Z"}
{"level":"info","message":"http://002vdgx.nwsvr.com","timestamp":"2016-06-13T16:08:18.556Z"}
{"level":"info","message":"http://002vdgz.nwsvr.com","timestamp":"2016-06-13T16:08:18.634Z"}
{"level":"info","message":"http://002vdhd.nwsvr.com","timestamp":"2016-06-13T16:08:19.021Z"}
{"level":"info","message":"http://002vdio.nwsvr.com","timestamp":"2016-06-13T16:08:23.940Z"}
{"level":"info","message":"http://002vdiv.nwsvr.com","timestamp":"2016-06-13T16:08:24.392Z"}
{"level":"info","message":"http://002vdiu.nwsvr.com","timestamp":"2016-06-13T16:08:24.497Z"}
{"level":"info","message":"http://002vdiy.nwsvr.com","timestamp":"2016-06-13T16:08:24.841Z"}
{"level":"info","message":"http://002vdkd.nwsvr.com","timestamp":"2016-06-13T16:08:27.613Z"}
{"level":"info","message":"http://002vdld.nwsvr.com","timestamp":"2016-06-13T16:08:31.103Z"}
{"level":"info","message":"http://002vdlt.nwsvr.com","timestamp":"2016-06-13T16:08:32.202Z"}
{"level":"info","message":"http://002vikw.nwsvr.com","timestamp":"2016-06-13T16:15:56.568Z"}
{"level":"info","message":"http://002vlpr.nwsvr.com","timestamp":"2016-06-13T16:20:12.912Z"}
{"level":"info","message":"http://002vlrg.nwsvr.com","timestamp":"2016-06-13T16:20:18.201Z"}
{"level":"info","message":"http://002vlrv.nwsvr.com","timestamp":"2016-06-13T16:20:20.465Z"}
{"level":"info","message":"http://002vlsr.nwsvr.com","timestamp":"2016-06-13T16:20:22.775Z"}
{"level":"info","message":"http://002vluj.nwsvr.com","timestamp":"2016-06-13T16:20:27.931Z"}
{"level":"info","message":"http://002vluu.nwsvr.com","timestamp":"2016-06-13T16:20:29.422Z"}
{"level":"info","message":"http://002vlwn.nwsvr.com","timestamp":"2016-06-13T16:20:35.109Z"}
{"level":"info","message":"http://002vlwt.nwsvr.com","timestamp":"2016-06-13T16:20:35.804Z"}
{"level":"info","message":"http://002vlyz.nwsvr.com","timestamp":"2016-06-13T16:20:44.623Z"}
{"level":"info","message":"http://002vmav.nwsvr.com","timestamp":"2016-06-13T16:20:48.597Z"}
{"level":"info","message":"http://002vmbg.nwsvr.com","timestamp":"2016-06-13T16:20:49.943Z"}
{"level":"info","message":"http://002vmcd.nwsvr.com","timestamp":"2016-06-13T16:20:52.361Z"}
{"level":"info","message":"http://002vmdh.nwsvr.com","timestamp":"2016-06-13T16:20:55.652Z"}
{"level":"info","message":"http://002vmfq.nwsvr.com","timestamp":"2016-06-13T16:21:02.551Z"}
{"level":"info","message":"http://002vmgc.nwsvr.com","timestamp":"2016-06-13T16:21:03.559Z"}
{"level":"info","message":"http://002vmgj.nwsvr.com","timestamp":"2016-06-13T16:21:03.951Z"}
{"level":"info","message":"http://002vmgw.nwsvr.com","timestamp":"2016-06-13T16:21:05.418Z"}
{"level":"info","message":"http://002vnyr.nwsvr.com","timestamp":"2016-06-13T16:23:29.943Z"}
{"level":"info","message":"http://002vnyu.nwsvr.com","timestamp":"2016-06-13T16:23:30.037Z"}
{"level":"info","message":"http://002voak.nwsvr.com","timestamp":"2016-06-13T16:23:36.815Z"}
{"level":"info","message":"http://002voaz.nwsvr.com","timestamp":"2016-06-13T16:23:38.383Z"}
{"level":"info","message":"http://002ujgl.nwsvr.com","timestamp":"2016-06-17T15:15:40.025Z"}
{"level":"info","message":"http://002ujha.nwsvr.com","timestamp":"2016-06-17T15:15:42.688Z"}
{"level":"info","message":"http://002ujkr.nwsvr.com","timestamp":"2016-06-17T15:15:56.874Z"}
{"level":"info","message":"http://002ujli.nwsvr.com","timestamp":"2016-06-17T15:15:59.421Z"}
{"level":"info","message":"http://002ujmw.nwsvr.com","timestamp":"2016-06-17T15:16:05.197Z"}
{"level":"info","message":"http://002ujns.nwsvr.com","timestamp":"2016-06-17T15:16:08.587Z"}
{"level":"info","message":"http://002ujnw.nwsvr.com","timestamp":"2016-06-17T15:16:09.086Z"}
{"level":"info","message":"http://002ujpe.nwsvr.com","timestamp":"2016-06-17T15:16:13.761Z"}
{"level":"info","message":"http://002ujpx.nwsvr.com","timestamp":"2016-06-17T15:16:16.681Z"}
{"level":"info","message":"http://002ujrp.nwsvr.com","timestamp":"2016-06-17T15:16:50.840Z"}
{"level":"info","message":"http://002ujrr.nwsvr.com","timestamp":"2016-06-17T15:16:51.386Z"}
{"level":"info","message":"http://002ujsf.nwsvr.com","timestamp":"2016-06-17T15:16:53.045Z"}
{"level":"info","message":"http://002ujsi.nwsvr.com","timestamp":"2016-06-17T15:16:53.485Z"}
{"level":"info","message":"http://002ujtc.nwsvr.com","timestamp":"2016-06-17T15:16:56.263Z"}
{"level":"info","message":"http://002ujtp.nwsvr.com","timestamp":"2016-06-17T15:16:57.962Z"}
{"level":"info","message":"http://002ujuc.nwsvr.com","timestamp":"2016-06-17T15:16:59.928Z"}
{"level":"info","message":"http://002ujuo.nwsvr.com","timestamp":"2016-06-17T15:17:01.632Z"}
{"level":"info","message":"http://002ujuz.nwsvr.com","timestamp":"2016-06-17T15:17:03.448Z"}
{"level":"info","message":"http://002ujwl.nwsvr.com","timestamp":"2016-06-17T15:17:09.056Z"}
{"level":"info","message":"http://002ujwk.nwsvr.com","timestamp":"2016-06-17T15:17:09.132Z"}
{"level":"info","message":"http://002ujwx.nwsvr.com","timestamp":"2016-06-17T15:17:10.619Z"}
{"level":"info","message":"http://002urms.nwsvr.com","timestamp":"2016-06-17T15:29:34.241Z"}
{"level":"info","message":"http://002usdo.nwsvr.com","timestamp":"2016-06-17T15:30:38.505Z"}
{"level":"info","message":"http://002usda.nwsvr.com","timestamp":"2016-06-17T15:30:39.903Z"}
{"level":"info","message":"http://002vciu.nwsvr.com","timestamp":"2016-06-17T15:52:56.379Z"}
{"level":"info","message":"http://002vcjj.nwsvr.com","timestamp":"2016-06-17T15:52:58.110Z"}
{"level":"info","message":"http://002vcsi.nwsvr.com","timestamp":"2016-06-17T15:53:22.504Z"}
{"level":"info","message":"http://002vcsk.nwsvr.com","timestamp":"2016-06-17T15:53:23.260Z"}
{"level":"info","message":"http://002vctz.nwsvr.com","timestamp":"2016-06-17T15:53:26.653Z"}
{"level":"info","message":"http://002vcvk.nwsvr.com","timestamp":"2016-06-17T15:53:30.127Z"}
{"level":"info","message":"http://002vcwq.nwsvr.com","timestamp":"2016-06-17T15:53:33.108Z"}
{"level":"info","message":"http://002vcwv.nwsvr.com","timestamp":"2016-06-17T15:53:33.707Z"}
{"level":"info","message":"http://002vcye.nwsvr.com","timestamp":"2016-06-17T15:53:37.410Z"}
{"level":"info","message":"http://002vcyj.nwsvr.com","timestamp":"2016-06-17T15:53:37.924Z"}
{"level":"info","message":"http://002vcyz.nwsvr.com","timestamp":"2016-06-17T15:53:39.291Z"}
{"level":"info","message":"http://002vdae.nwsvr.com","timestamp":"2016-06-17T15:53:42.553Z"}
{"level":"info","message":"http://002vdam.nwsvr.com","timestamp":"2016-06-17T15:53:43.088Z"}
{"level":"info","message":"http://002vdbl.nwsvr.com","timestamp":"2016-06-17T15:53:45.688Z"}
{"level":"info","message":"http://002vdcb.nwsvr.com","timestamp":"2016-06-17T15:53:47.320Z"}
{"level":"info","message":"http://002vdcv.nwsvr.com","timestamp":"2016-06-17T15:53:49.511Z"}
{"level":"info","message":"http://002vdco.nwsvr.com","timestamp":"2016-06-17T15:53:50.370Z"}
{"level":"info","message":"http://002vdff.nwsvr.com","timestamp":"2016-06-17T15:53:54.387Z"}
{"level":"info","message":"http://002vdfr.nwsvr.com","timestamp":"2016-06-17T15:53:55.013Z"}
{"level":"info","message":"http://002vdgl.nwsvr.com","timestamp":"2016-06-17T15:53:56.764Z"}
{"level":"info","message":"http://002vdgu.nwsvr.com","timestamp":"2016-06-17T15:53:57.526Z"}
{"level":"info","message":"http://002vdgx.nwsvr.com","timestamp":"2016-06-17T15:53:57.730Z"}
{"level":"info","message":"http://002vdgz.nwsvr.com","timestamp":"2016-06-17T15:53:58.406Z"}
{"level":"info","message":"http://002vdhd.nwsvr.com","timestamp":"2016-06-17T15:53:58.586Z"}
{"level":"info","message":"http://002vdio.nwsvr.com","timestamp":"2016-06-17T15:54:02.093Z"}
{"level":"info","message":"http://002vdiu.nwsvr.com","timestamp":"2016-06-17T15:54:02.529Z"}
{"level":"info","message":"http://002vdiv.nwsvr.com","timestamp":"2016-06-17T15:54:02.638Z"}
{"level":"info","message":"http://002vdiy.nwsvr.com","timestamp":"2016-06-17T15:54:02.825Z"}
{"level":"info","message":"http://002vdkd.nwsvr.com","timestamp":"2016-06-17T15:54:06.050Z"}
{"level":"info","message":"http://002vdld.nwsvr.com","timestamp":"2016-06-17T15:54:08.205Z"}
{"level":"info","message":"http://002vdlt.nwsvr.com","timestamp":"2016-06-17T15:54:09.516Z"}
{"level":"info","message":"http://002vikw.nwsvr.com","timestamp":"2016-06-17T15:59:18.803Z"}
{"level":"info","message":"http://002vlpl.nwsvr.com","timestamp":"2016-06-17T16:04:11.112Z"}
{"level":"info","message":"http://002vlpr.nwsvr.com","timestamp":"2016-06-17T16:04:11.948Z"}
{"level":"info","message":"http://002vlrg.nwsvr.com","timestamp":"2016-06-17T16:04:18.225Z"}
{"level":"info","message":"http://002vlrv.nwsvr.com","timestamp":"2016-06-17T16:04:20.594Z"}
{"level":"info","message":"http://002vlsr.nwsvr.com","timestamp":"2016-06-17T16:04:25.473Z"}
{"level":"info","message":"http://002vluj.nwsvr.com","timestamp":"2016-06-17T16:04:32.006Z"}
{"level":"info","message":"http://002vluu.nwsvr.com","timestamp":"2016-06-17T16:04:33.683Z"}
{"level":"info","message":"http://002vlwt.nwsvr.com","timestamp":"2016-06-17T16:04:41.379Z"}
{"level":"info","message":"http://002vlyz.nwsvr.com","timestamp":"2016-06-17T16:04:51.436Z"}
{"level":"info","message":"http://002vmav.nwsvr.com","timestamp":"2016-06-17T16:04:58.347Z"}
{"level":"info","message":"http://002vmbg.nwsvr.com","timestamp":"2016-06-17T16:04:59.758Z"}
{"level":"info","message":"http://002vmfq.nwsvr.com","timestamp":"2016-06-17T16:05:18.854Z"}
{"level":"info","message":"http://002vmgc.nwsvr.com","timestamp":"2016-06-17T16:05:21.063Z"}
{"level":"info","message":"http://002vmgj.nwsvr.com","timestamp":"2016-06-17T16:05:22.558Z"}
{"level":"info","message":"http://002vmgw.nwsvr.com","timestamp":"2016-06-17T16:05:28.313Z"}
{"level":"info","message":"http://002vnyu.nwsvr.com","timestamp":"2016-06-17T16:08:18.228Z"}
{"level":"info","message":"http://002vnyr.nwsvr.com","timestamp":"2016-06-17T16:08:18.934Z"}
{"level":"info","message":"http://002voak.nwsvr.com","timestamp":"2016-06-17T16:08:26.515Z"}
{"level":"info","message":"http://002voaz.nwsvr.com","timestamp":"2016-06-17T16:08:29.615Z"}
